;  LST file generated by mikroListExporter - v.2.0 
; Date/Time: 8/24/2023 7:02:52 PM
;----------------------------------------------

;Address Opcode 	ASM
0x0000	0xF003EF3F  	GOTO        1662
0x0004	0x0000      	NOP
0x0006	0x0000      	NOP
0x0008	0xF000EF00  	GOTO        0
0x000C	0x0000      	NOP
0x000E	0x0000      	NOP
0x0010	0x0000      	NOP
0x0012	0x0000      	NOP
0x0014	0x0000      	NOP
0x0016	0x0000      	NOP
0x0018	0xD7F3      	BRA         0
_Delay_5500us:
;__Lib_Delays.mbas,53 :: 		sub procedure Delay_5500us()
;__Lib_Delays.mbas,54 :: 		Delay_us(5500)
0x001C	0x0E0F      	MOVLW       15
0x001E	0x6E0C      	MOVWF       R12, 0
0x0020	0x0E47      	MOVLW       71
0x0022	0x6E0D      	MOVWF       R13, 0
L__Delay_5500us13:
0x0024	0x2E0D      	DECFSZ      R13, 1, 0
0x0026	0xD7FE      	BRA         L__Delay_5500us13
0x0028	0x2E0C      	DECFSZ      R12, 1, 0
0x002A	0xD7FC      	BRA         L__Delay_5500us13
0x002C	0x0000      	NOP
0x002E	0x0000      	NOP
;__Lib_Delays.mbas,55 :: 		end sub
L_end_Delay_5500us:
0x0030	0x0012      	RETURN      0
; end of _Delay_5500us
_Delay_50us:
;__Lib_Delays.mbas,41 :: 		sub procedure Delay_50us()
;__Lib_Delays.mbas,42 :: 		Delay_us(50)
0x0032	0x0E21      	MOVLW       33
0x0034	0x6E0D      	MOVWF       R13, 0
L__Delay_50us7:
0x0036	0x2E0D      	DECFSZ      R13, 1, 0
0x0038	0xD7FE      	BRA         L__Delay_50us7
;__Lib_Delays.mbas,43 :: 		end sub
L_end_Delay_50us:
0x003A	0x0012      	RETURN      0
; end of _Delay_50us
_Delay_1us:
;__Lib_Delays.mbas,29 :: 		sub procedure Delay_1us()
;__Lib_Delays.mbas,30 :: 		Delay_us(1)
0x003C	0x0000      	NOP
0x003E	0x0000      	NOP
;__Lib_Delays.mbas,31 :: 		end sub
L_end_Delay_1us:
0x0040	0x0012      	RETURN      0
; end of _Delay_1us
__Lib_SoftI2C_PutZerosToLATSda:
;__Lib_SoftI2C.mpas,26 :: 		
;__Lib_SoftI2C.mpas,34 :: 		
0x0042	0xF082EE0F  	LFSR        0, Soft_I2C_Sda
;__Lib_SoftI2C.mpas,35 :: 		
0x0046	0x50EF      	MOVF        INDF0, 0, 0
;__Lib_SoftI2C.mpas,37 :: 		
0x0048	0xF000CFEF  	MOVFF       INDF0, R0
;__Lib_SoftI2C.mpas,39 :: 		
0x004C	0x9800      	BCF         PutZerosToLATSda_temp_sda, BitPos(Soft_I2C_Sda+0), 0
;__Lib_SoftI2C.mpas,41 :: 		
0x004E	0xFFEFC000  	MOVFF       R0, INDF0
;__Lib_SoftI2C.mpas,42 :: 		
L_end_PutZerosToLATSda:
0x0052	0x0012      	RETURN      0
; end of __Lib_SoftI2C_PutZerosToLATSda
__Lib_SoftI2C_PutZerosToLATScl:
;__Lib_SoftI2C.mpas,46 :: 		
;__Lib_SoftI2C.mpas,53 :: 		
0x0054	0xF082EE0F  	LFSR        0, Soft_I2C_Scl
;__Lib_SoftI2C.mpas,54 :: 		
0x0058	0x50EF      	MOVF        INDF0, 0, 0
;__Lib_SoftI2C.mpas,56 :: 		
0x005A	0xF000CFEF  	MOVFF       INDF0, R0
;__Lib_SoftI2C.mpas,59 :: 		
0x005E	0x9600      	BCF         PutZerosToLATScl_temp_scl, BitPos(Soft_I2C_Scl+0), 0
;__Lib_SoftI2C.mpas,61 :: 		
0x0060	0xFFEFC000  	MOVFF       R0, INDF0
;__Lib_SoftI2C.mpas,62 :: 		
L_end_PutZerosToLATScl:
0x0064	0x0012      	RETURN      0
; end of __Lib_SoftI2C_PutZerosToLATScl
_Lcd_Cmd:
;__Lib_Lcd.mpas,33 :: 		
;__Lib_Lcd.mpas,34 :: 		
0x0066	0xBE78      	BTFSC       FARG_Lcd_Cmd_out_char, 7 
0x0068	0xD002      	BRA         L__Lcd_Cmd46
0x006A	0x9681      	BCF         LCD_D7, BitPos(LCD_D7+0) 
0x006C	0xD001      	BRA         L__Lcd_Cmd47
L__Lcd_Cmd46:
0x006E	0x8681      	BSF         LCD_D7, BitPos(LCD_D7+0) 
L__Lcd_Cmd47:
;__Lib_Lcd.mpas,35 :: 		
0x0070	0xBC78      	BTFSC       FARG_Lcd_Cmd_out_char, 6 
0x0072	0xD002      	BRA         L__Lcd_Cmd48
0x0074	0x9481      	BCF         LCD_D6, BitPos(LCD_D6+0) 
0x0076	0xD001      	BRA         L__Lcd_Cmd49
L__Lcd_Cmd48:
0x0078	0x8481      	BSF         LCD_D6, BitPos(LCD_D6+0) 
L__Lcd_Cmd49:
;__Lib_Lcd.mpas,36 :: 		
0x007A	0xBA78      	BTFSC       FARG_Lcd_Cmd_out_char, 5 
0x007C	0xD002      	BRA         L__Lcd_Cmd50
0x007E	0x9281      	BCF         LCD_D5, BitPos(LCD_D5+0) 
0x0080	0xD001      	BRA         L__Lcd_Cmd51
L__Lcd_Cmd50:
0x0082	0x8281      	BSF         LCD_D5, BitPos(LCD_D5+0) 
L__Lcd_Cmd51:
;__Lib_Lcd.mpas,37 :: 		
0x0084	0xB878      	BTFSC       FARG_Lcd_Cmd_out_char, 4 
0x0086	0xD002      	BRA         L__Lcd_Cmd52
0x0088	0x9081      	BCF         LCD_D4, BitPos(LCD_D4+0) 
0x008A	0xD001      	BRA         L__Lcd_Cmd53
L__Lcd_Cmd52:
0x008C	0x8081      	BSF         LCD_D4, BitPos(LCD_D4+0) 
L__Lcd_Cmd53:
;__Lib_Lcd.mpas,39 :: 		
0x008E	0xB034      	BTFSC       __Lib_Lcd_cmd_status, BitPos(__Lib_Lcd_cmd_status+0) 
0x0090	0xD002      	BRA         L__Lcd_Cmd54
0x0092	0x8881      	BSF         LCD_RS, BitPos(LCD_RS+0) 
0x0094	0xD001      	BRA         L__Lcd_Cmd55
L__Lcd_Cmd54:
0x0096	0x9881      	BCF         LCD_RS, BitPos(LCD_RS+0) 
L__Lcd_Cmd55:
;__Lib_Lcd.mpas,42 :: 		
0x0098	0x8A81      	BSF         LCD_EN, BitPos(LCD_EN+0) 
;__Lib_Lcd.mpas,43 :: 		
0x009A	0xDFD0      	RCALL       _Delay_1us
;__Lib_Lcd.mpas,44 :: 		
0x009C	0x9A81      	BCF         LCD_EN, BitPos(LCD_EN+0) 
;__Lib_Lcd.mpas,47 :: 		
0x009E	0xB678      	BTFSC       FARG_Lcd_Cmd_out_char, 3 
0x00A0	0xD002      	BRA         L__Lcd_Cmd56
0x00A2	0x9681      	BCF         LCD_D7, BitPos(LCD_D7+0) 
0x00A4	0xD001      	BRA         L__Lcd_Cmd57
L__Lcd_Cmd56:
0x00A6	0x8681      	BSF         LCD_D7, BitPos(LCD_D7+0) 
L__Lcd_Cmd57:
;__Lib_Lcd.mpas,48 :: 		
0x00A8	0xB478      	BTFSC       FARG_Lcd_Cmd_out_char, 2 
0x00AA	0xD002      	BRA         L__Lcd_Cmd58
0x00AC	0x9481      	BCF         LCD_D6, BitPos(LCD_D6+0) 
0x00AE	0xD001      	BRA         L__Lcd_Cmd59
L__Lcd_Cmd58:
0x00B0	0x8481      	BSF         LCD_D6, BitPos(LCD_D6+0) 
L__Lcd_Cmd59:
;__Lib_Lcd.mpas,49 :: 		
0x00B2	0xB278      	BTFSC       FARG_Lcd_Cmd_out_char, 1 
0x00B4	0xD002      	BRA         L__Lcd_Cmd60
0x00B6	0x9281      	BCF         LCD_D5, BitPos(LCD_D5+0) 
0x00B8	0xD001      	BRA         L__Lcd_Cmd61
L__Lcd_Cmd60:
0x00BA	0x8281      	BSF         LCD_D5, BitPos(LCD_D5+0) 
L__Lcd_Cmd61:
;__Lib_Lcd.mpas,50 :: 		
0x00BC	0xB078      	BTFSC       FARG_Lcd_Cmd_out_char, 0 
0x00BE	0xD002      	BRA         L__Lcd_Cmd62
0x00C0	0x9081      	BCF         LCD_D4, BitPos(LCD_D4+0) 
0x00C2	0xD001      	BRA         L__Lcd_Cmd63
L__Lcd_Cmd62:
0x00C4	0x8081      	BSF         LCD_D4, BitPos(LCD_D4+0) 
L__Lcd_Cmd63:
;__Lib_Lcd.mpas,52 :: 		
0x00C6	0xB034      	BTFSC       __Lib_Lcd_cmd_status, BitPos(__Lib_Lcd_cmd_status+0) 
0x00C8	0xD002      	BRA         L__Lcd_Cmd64
0x00CA	0x8881      	BSF         LCD_RS, BitPos(LCD_RS+0) 
0x00CC	0xD001      	BRA         L__Lcd_Cmd65
L__Lcd_Cmd64:
0x00CE	0x9881      	BCF         LCD_RS, BitPos(LCD_RS+0) 
L__Lcd_Cmd65:
;__Lib_Lcd.mpas,54 :: 		
0x00D0	0x8A81      	BSF         LCD_EN, BitPos(LCD_EN+0) 
;__Lib_Lcd.mpas,55 :: 		
0x00D2	0xDFB4      	RCALL       _Delay_1us
;__Lib_Lcd.mpas,56 :: 		
0x00D4	0x9A81      	BCF         LCD_EN, BitPos(LCD_EN+0) 
;__Lib_Lcd.mpas,58 :: 		
0x00D6	0xA034      	BTFSS       __Lib_Lcd_cmd_status, BitPos(__Lib_Lcd_cmd_status+0) 
0x00D8	0xD002      	BRA         L__Lcd_Cmd2
;__Lib_Lcd.mpas,59 :: 		
0x00DA	0xDFA0      	RCALL       _Delay_5500us
0x00DC	0xD001      	BRA         L__Lcd_Cmd3
;__Lib_Lcd.mpas,60 :: 		
L__Lcd_Cmd2:
;__Lib_Lcd.mpas,61 :: 		
0x00DE	0xDFA9      	RCALL       _Delay_50us
L__Lcd_Cmd3:
;__Lib_Lcd.mpas,62 :: 		
L_end_Lcd_Cmd:
0x00E0	0x0012      	RETURN      0
; end of _Lcd_Cmd
_Lcd_Chr_CP:
;__Lib_Lcd.mpas,65 :: 		
;__Lib_Lcd.mpas,66 :: 		
0x00E2	0x9034      	BCF         __Lib_Lcd_cmd_status, BitPos(__Lib_Lcd_cmd_status+0) 
;__Lib_Lcd.mpas,67 :: 		
0x00E4	0xF078C073  	MOVFF       FARG_Lcd_Chr_CP_Out_Char, FARG_Lcd_Cmd_out_char
0x00E8	0xDFBE      	RCALL       _Lcd_Cmd
;__Lib_Lcd.mpas,68 :: 		
0x00EA	0x8034      	BSF         __Lib_Lcd_cmd_status, BitPos(__Lib_Lcd_cmd_status+0) 
;__Lib_Lcd.mpas,69 :: 		
L_end_Lcd_Chr_CP:
0x00EC	0x0012      	RETURN      0
; end of _Lcd_Chr_CP
_Soft_I2C_Start:
;__Lib_SoftI2C.mpas,165 :: 		
;__Lib_SoftI2C.mpas,166 :: 		
0x00EE	0x8894      	BSF         Soft_I2C_Sda_Direction, BitPos(Soft_I2C_Sda_Direction+0) 
;__Lib_SoftI2C.mpas,168 :: 		
0x00F0	0xDFA5      	RCALL       _Delay_1us
0x00F2	0xDFA4      	RCALL       _Delay_1us
;__Lib_SoftI2C.mpas,170 :: 		
0x00F4	0x8694      	BSF         Soft_I2C_Scl_Direction, BitPos(Soft_I2C_Scl_Direction+0) 
;__Lib_SoftI2C.mpas,172 :: 		
0x00F6	0xDFA2      	RCALL       _Delay_1us
0x00F8	0xDFA1      	RCALL       _Delay_1us
;__Lib_SoftI2C.mpas,174 :: 		
0x00FA	0xDFA3      	RCALL       __Lib_SoftI2C_PutZerosToLATSda
;__Lib_SoftI2C.mpas,175 :: 		
0x00FC	0x9894      	BCF         Soft_I2C_Sda_Direction, BitPos(Soft_I2C_Sda_Direction+0) 
;__Lib_SoftI2C.mpas,177 :: 		
0x00FE	0xDF9E      	RCALL       _Delay_1us
0x0100	0xDF9D      	RCALL       _Delay_1us
;__Lib_SoftI2C.mpas,179 :: 		
0x0102	0xDFA8      	RCALL       __Lib_SoftI2C_PutZerosToLATScl
;__Lib_SoftI2C.mpas,180 :: 		
0x0104	0x9694      	BCF         Soft_I2C_Scl_Direction, BitPos(Soft_I2C_Scl_Direction+0) 
;__Lib_SoftI2C.mpas,181 :: 		
L_end_Soft_I2C_Start:
0x0106	0x0012      	RETURN      0
; end of _Soft_I2C_Start
_Soft_I2C_Write:
;__Lib_SoftI2C.mpas,213 :: 		
;__Lib_SoftI2C.mpas,214 :: 		
0x0108	0x0E01      	MOVLW       1
0x010A	0x6E74      	MOVWF       Soft_I2C_Write_local_result 
;__Lib_SoftI2C.mpas,215 :: 		
0x010C	0x0E80      	MOVLW       128
0x010E	0x6E75      	MOVWF       Soft_I2C_Write_temp 
0x0110	0x0E00      	MOVLW       0
0x0112	0x6E76      	MOVWF       Soft_I2C_Write_temp+1 
;__Lib_SoftI2C.mpas,217 :: 		
L__Soft_I2C_Write52:
0x0114	0x0E00      	MOVLW       0
0x0116	0x1876      	XORWF       Soft_I2C_Write_temp+1, 0 
0x0118	0xE102      	BNZ         L__Soft_I2C_Write88
0x011A	0x0E00      	MOVLW       0
0x011C	0x1875      	XORWF       Soft_I2C_Write_temp, 0 
L__Soft_I2C_Write88:
0x011E	0xE02E      	BZ          L__Soft_I2C_Write53
;__Lib_SoftI2C.mpas,219 :: 		
0x0120	0xDF8D      	RCALL       _Delay_1us
0x0122	0xDF8C      	RCALL       _Delay_1us
;__Lib_SoftI2C.mpas,220 :: 		
0x0124	0xDF8B      	RCALL       _Delay_1us
0x0126	0xDF8A      	RCALL       _Delay_1us
;__Lib_SoftI2C.mpas,222 :: 		
0x0128	0xDF95      	RCALL       __Lib_SoftI2C_PutZerosToLATScl
;__Lib_SoftI2C.mpas,223 :: 		
0x012A	0x9694      	BCF         Soft_I2C_Scl_Direction, BitPos(Soft_I2C_Scl_Direction+0) 
;__Lib_SoftI2C.mpas,225 :: 		
0x012C	0xDF87      	RCALL       _Delay_1us
0x012E	0xDF86      	RCALL       _Delay_1us
;__Lib_SoftI2C.mpas,227 :: 		
0x0130	0x5075      	MOVF        Soft_I2C_Write_temp, 0 
0x0132	0x1473      	ANDWF       FARG_Soft_I2C_Write_data_, 0 
0x0134	0x6E01      	MOVWF       R1 
0x0136	0x0E00      	MOVLW       0
0x0138	0x1476      	ANDWF       Soft_I2C_Write_temp+1, 0 
0x013A	0x6E02      	MOVWF       R2 
0x013C	0x0E00      	MOVLW       0
0x013E	0x1802      	XORWF       R2, 0 
0x0140	0xE102      	BNZ         L__Soft_I2C_Write89
0x0142	0x0E00      	MOVLW       0
0x0144	0x1801      	XORWF       R1, 0 
L__Soft_I2C_Write89:
0x0146	0xE002      	BZ          L__Soft_I2C_Write57
;__Lib_SoftI2C.mpas,228 :: 		
0x0148	0x8894      	BSF         Soft_I2C_Sda_Direction, BitPos(Soft_I2C_Sda_Direction+0) 
0x014A	0xD002      	BRA         L__Soft_I2C_Write58
;__Lib_SoftI2C.mpas,229 :: 		
L__Soft_I2C_Write57:
;__Lib_SoftI2C.mpas,231 :: 		
0x014C	0xDF7A      	RCALL       __Lib_SoftI2C_PutZerosToLATSda
;__Lib_SoftI2C.mpas,232 :: 		
0x014E	0x9894      	BCF         Soft_I2C_Sda_Direction, BitPos(Soft_I2C_Sda_Direction+0) 
;__Lib_SoftI2C.mpas,233 :: 		
L__Soft_I2C_Write58:
;__Lib_SoftI2C.mpas,235 :: 		
0x0150	0xDF75      	RCALL       _Delay_1us
0x0152	0xDF74      	RCALL       _Delay_1us
;__Lib_SoftI2C.mpas,237 :: 		
0x0154	0x8694      	BSF         Soft_I2C_Scl_Direction, BitPos(Soft_I2C_Scl_Direction+0) 
;__Lib_SoftI2C.mpas,239 :: 		
0x0156	0x9234      	BCF         __Lib_SoftI2C___StopWaiting, BitPos(__Lib_SoftI2C___StopWaiting+0) 
;__Lib_SoftI2C.mpas,240 :: 		
L__Soft_I2C_Write60:
0x0158	0xB682      	BTFSC       Soft_I2C_Scl, BitPos(Soft_I2C_Scl+0) 
0x015A	0xD004      	BRA         L__Soft_I2C_Write61
;__Lib_SoftI2C.mpas,242 :: 		
0x015C	0xA234      	BTFSS       __Lib_SoftI2C___StopWaiting, BitPos(__Lib_SoftI2C___StopWaiting+0) 
0x015E	0xD001      	BRA         L__Soft_I2C_Write65
;__Lib_SoftI2C.mpas,243 :: 		
0x0160	0xD001      	BRA         L__Soft_I2C_Write61
L__Soft_I2C_Write65:
;__Lib_SoftI2C.mpas,244 :: 		
0x0162	0xD7FA      	BRA         L__Soft_I2C_Write60
L__Soft_I2C_Write61:
;__Lib_SoftI2C.mpas,245 :: 		
0x0164	0xF000C075  	MOVFF       Soft_I2C_Write_temp, R0
0x0168	0xF001C076  	MOVFF       Soft_I2C_Write_temp+1, R1
0x016C	0x3201      	RRCF        R1, 1 
0x016E	0x3200      	RRCF        R0, 1 
0x0170	0x9E01      	BCF         R1, 7 
0x0172	0xF075C000  	MOVFF       R0, Soft_I2C_Write_temp
0x0176	0xF076C001  	MOVFF       R1, Soft_I2C_Write_temp+1
;__Lib_SoftI2C.mpas,246 :: 		
0x017A	0xD7CC      	BRA         L__Soft_I2C_Write52
L__Soft_I2C_Write53:
;__Lib_SoftI2C.mpas,248 :: 		
0x017C	0x6A74      	CLRF        Soft_I2C_Write_local_result 
;__Lib_SoftI2C.mpas,250 :: 		
0x017E	0xDF5E      	RCALL       _Delay_1us
0x0180	0xDF5D      	RCALL       _Delay_1us
;__Lib_SoftI2C.mpas,252 :: 		
0x0182	0xDF68      	RCALL       __Lib_SoftI2C_PutZerosToLATScl
;__Lib_SoftI2C.mpas,253 :: 		
0x0184	0x9694      	BCF         Soft_I2C_Scl_Direction, BitPos(Soft_I2C_Scl_Direction+0) 
;__Lib_SoftI2C.mpas,255 :: 		
0x0186	0xDF5A      	RCALL       _Delay_1us
0x0188	0xDF59      	RCALL       _Delay_1us
;__Lib_SoftI2C.mpas,257 :: 		
0x018A	0x8894      	BSF         Soft_I2C_Sda_Direction, BitPos(Soft_I2C_Sda_Direction+0) 
;__Lib_SoftI2C.mpas,259 :: 		
0x018C	0xDF57      	RCALL       _Delay_1us
0x018E	0xDF56      	RCALL       _Delay_1us
;__Lib_SoftI2C.mpas,260 :: 		
0x0190	0xDF55      	RCALL       _Delay_1us
0x0192	0xDF54      	RCALL       _Delay_1us
;__Lib_SoftI2C.mpas,262 :: 		
0x0194	0x8694      	BSF         Soft_I2C_Scl_Direction, BitPos(Soft_I2C_Scl_Direction+0) 
;__Lib_SoftI2C.mpas,264 :: 		
0x0196	0x9234      	BCF         __Lib_SoftI2C___StopWaiting, BitPos(__Lib_SoftI2C___StopWaiting+0) 
;__Lib_SoftI2C.mpas,265 :: 		
L__Soft_I2C_Write68:
0x0198	0xB682      	BTFSC       Soft_I2C_Scl, BitPos(Soft_I2C_Scl+0) 
0x019A	0xD004      	BRA         L__Soft_I2C_Write69
;__Lib_SoftI2C.mpas,267 :: 		
0x019C	0xA234      	BTFSS       __Lib_SoftI2C___StopWaiting, BitPos(__Lib_SoftI2C___StopWaiting+0) 
0x019E	0xD001      	BRA         L__Soft_I2C_Write73
;__Lib_SoftI2C.mpas,268 :: 		
0x01A0	0xD001      	BRA         L__Soft_I2C_Write69
L__Soft_I2C_Write73:
;__Lib_SoftI2C.mpas,269 :: 		
0x01A2	0xD7FA      	BRA         L__Soft_I2C_Write68
L__Soft_I2C_Write69:
;__Lib_SoftI2C.mpas,271 :: 		
0x01A4	0x6A74      	CLRF        Soft_I2C_Write_local_result 
;__Lib_SoftI2C.mpas,273 :: 		
0x01A6	0xDF4A      	RCALL       _Delay_1us
0x01A8	0xDF49      	RCALL       _Delay_1us
;__Lib_SoftI2C.mpas,275 :: 		
0x01AA	0xB882      	BTFSC       Soft_I2C_Sda, BitPos(Soft_I2C_Sda+0) 
;__Lib_SoftI2C.mpas,276 :: 		
0x01AC	0x8074      	BSF         Soft_I2C_Write_local_result, 0 
L__Soft_I2C_Write76:
;__Lib_SoftI2C.mpas,278 :: 		
0x01AE	0xDF46      	RCALL       _Delay_1us
0x01B0	0xDF45      	RCALL       _Delay_1us
;__Lib_SoftI2C.mpas,279 :: 		
0x01B2	0xDF44      	RCALL       _Delay_1us
0x01B4	0xDF43      	RCALL       _Delay_1us
;__Lib_SoftI2C.mpas,280 :: 		
0x01B6	0xDF42      	RCALL       _Delay_1us
0x01B8	0xDF41      	RCALL       _Delay_1us
;__Lib_SoftI2C.mpas,281 :: 		
0x01BA	0xDF40      	RCALL       _Delay_1us
0x01BC	0xDF3F      	RCALL       _Delay_1us
;__Lib_SoftI2C.mpas,282 :: 		
0x01BE	0xDF3E      	RCALL       _Delay_1us
0x01C0	0xDF3D      	RCALL       _Delay_1us
;__Lib_SoftI2C.mpas,283 :: 		
0x01C2	0xDF3C      	RCALL       _Delay_1us
0x01C4	0xDF3B      	RCALL       _Delay_1us
;__Lib_SoftI2C.mpas,284 :: 		
0x01C6	0xDF3A      	RCALL       _Delay_1us
0x01C8	0xDF39      	RCALL       _Delay_1us
;__Lib_SoftI2C.mpas,285 :: 		
0x01CA	0xDF38      	RCALL       _Delay_1us
0x01CC	0xDF37      	RCALL       _Delay_1us
;__Lib_SoftI2C.mpas,287 :: 		
0x01CE	0xDF42      	RCALL       __Lib_SoftI2C_PutZerosToLATScl
;__Lib_SoftI2C.mpas,288 :: 		
0x01D0	0x9694      	BCF         Soft_I2C_Scl_Direction, BitPos(Soft_I2C_Scl_Direction+0) 
;__Lib_SoftI2C.mpas,289 :: 		
0x01D2	0xDF37      	RCALL       __Lib_SoftI2C_PutZerosToLATSda
;__Lib_SoftI2C.mpas,290 :: 		
0x01D4	0x9894      	BCF         Soft_I2C_Sda_Direction, BitPos(Soft_I2C_Sda_Direction+0) 
;__Lib_SoftI2C.mpas,292 :: 		
0x01D6	0xF000C074  	MOVFF       Soft_I2C_Write_local_result, R0
L_end_Soft_I2C_Write:
0x01DA	0x0012      	RETURN      0
; end of _Soft_I2C_Write
_UART1_Write:
;__Lib_UART_c67.mpas,81 :: 		
;__Lib_UART_c67.mpas,82 :: 		
L__UART1_Write14:
0x01DC	0xB2AC      	BTFSC       TXSTA, 1 
0x01DE	0xD002      	BRA         L__UART1_Write15
0x01E0	0x0000      	NOP
0x01E2	0xD7FC      	BRA         L__UART1_Write14
L__UART1_Write15:
;__Lib_UART_c67.mpas,83 :: 		
0x01E4	0xFFADC073  	MOVFF       FARG_UART1_Write_data_, TXREG
;__Lib_UART_c67.mpas,84 :: 		
L_end_UART1_Write:
0x01E8	0x0012      	RETURN      0
; end of _UART1_Write
_Soft_I2C_Stop:
;__Lib_SoftI2C.mpas,184 :: 		
;__Lib_SoftI2C.mpas,185 :: 		
0x01EA	0xDF2B      	RCALL       __Lib_SoftI2C_PutZerosToLATSda
;__Lib_SoftI2C.mpas,186 :: 		
0x01EC	0x9894      	BCF         Soft_I2C_Sda_Direction, BitPos(Soft_I2C_Sda_Direction+0) 
;__Lib_SoftI2C.mpas,188 :: 		
0x01EE	0xDF26      	RCALL       _Delay_1us
;__Lib_SoftI2C.mpas,189 :: 		
0x01F0	0xDF25      	RCALL       _Delay_1us
;__Lib_SoftI2C.mpas,191 :: 		
0x01F2	0x8694      	BSF         Soft_I2C_Scl_Direction, BitPos(Soft_I2C_Scl_Direction+0) 
;__Lib_SoftI2C.mpas,193 :: 		
0x01F4	0x9234      	BCF         __Lib_SoftI2C___StopWaiting, BitPos(__Lib_SoftI2C___StopWaiting+0) 
;__Lib_SoftI2C.mpas,194 :: 		
L__Soft_I2C_Stop43:
0x01F6	0xB682      	BTFSC       Soft_I2C_Scl, BitPos(Soft_I2C_Scl+0) 
0x01F8	0xD004      	BRA         L__Soft_I2C_Stop44
;__Lib_SoftI2C.mpas,196 :: 		
0x01FA	0xA234      	BTFSS       __Lib_SoftI2C___StopWaiting, BitPos(__Lib_SoftI2C___StopWaiting+0) 
0x01FC	0xD001      	BRA         L__Soft_I2C_Stop48
;__Lib_SoftI2C.mpas,197 :: 		
0x01FE	0xD001      	BRA         L__Soft_I2C_Stop44
L__Soft_I2C_Stop48:
;__Lib_SoftI2C.mpas,198 :: 		
0x0200	0xD7FA      	BRA         L__Soft_I2C_Stop43
L__Soft_I2C_Stop44:
;__Lib_SoftI2C.mpas,200 :: 		
0x0202	0xDF1C      	RCALL       _Delay_1us
0x0204	0xDF1B      	RCALL       _Delay_1us
;__Lib_SoftI2C.mpas,201 :: 		
0x0206	0xDF1A      	RCALL       _Delay_1us
0x0208	0xDF19      	RCALL       _Delay_1us
;__Lib_SoftI2C.mpas,202 :: 		
0x020A	0xDF18      	RCALL       _Delay_1us
0x020C	0xDF17      	RCALL       _Delay_1us
;__Lib_SoftI2C.mpas,203 :: 		
0x020E	0xDF16      	RCALL       _Delay_1us
0x0210	0xDF15      	RCALL       _Delay_1us
;__Lib_SoftI2C.mpas,205 :: 		
0x0212	0x8894      	BSF         Soft_I2C_Sda_Direction, BitPos(Soft_I2C_Sda_Direction+0) 
;__Lib_SoftI2C.mpas,207 :: 		
0x0214	0xDF13      	RCALL       _Delay_1us
;__Lib_SoftI2C.mpas,208 :: 		
0x0216	0xDF12      	RCALL       _Delay_1us
;__Lib_SoftI2C.mpas,209 :: 		
L_end_Soft_I2C_Stop:
0x0218	0x0012      	RETURN      0
; end of _Soft_I2C_Stop
_Soft_I2C_Read:
;__Lib_SoftI2C.mpas,92 :: 		
;__Lib_SoftI2C.mpas,93 :: 		
0x021A	0x6A75      	CLRF        Soft_I2C_Read_local_result 
;__Lib_SoftI2C.mpas,94 :: 		
0x021C	0x0E80      	MOVLW       128
0x021E	0x6E76      	MOVWF       Soft_I2C_Read_temp 
0x0220	0x0E00      	MOVLW       0
0x0222	0x6E77      	MOVWF       Soft_I2C_Read_temp+1 
;__Lib_SoftI2C.mpas,95 :: 		
L__Soft_I2C_Read14:
0x0224	0x0E00      	MOVLW       0
0x0226	0x1877      	XORWF       Soft_I2C_Read_temp+1, 0 
0x0228	0xE102      	BNZ         L__Soft_I2C_Read83
0x022A	0x0E00      	MOVLW       0
0x022C	0x1876      	XORWF       Soft_I2C_Read_temp, 0 
L__Soft_I2C_Read83:
0x022E	0xE019      	BZ          L__Soft_I2C_Read15
;__Lib_SoftI2C.mpas,97 :: 		
0x0230	0xDF05      	RCALL       _Delay_1us
;__Lib_SoftI2C.mpas,98 :: 		
0x0232	0xDF04      	RCALL       _Delay_1us
;__Lib_SoftI2C.mpas,100 :: 		
0x0234	0x8894      	BSF         Soft_I2C_Sda_Direction, BitPos(Soft_I2C_Sda_Direction+0) 
;__Lib_SoftI2C.mpas,102 :: 		
0x0236	0xDF02      	RCALL       _Delay_1us
;__Lib_SoftI2C.mpas,103 :: 		
0x0238	0xDF01      	RCALL       _Delay_1us
;__Lib_SoftI2C.mpas,105 :: 		
0x023A	0x8694      	BSF         Soft_I2C_Scl_Direction, BitPos(Soft_I2C_Scl_Direction+0) 
;__Lib_SoftI2C.mpas,107 :: 		
0x023C	0x9234      	BCF         __Lib_SoftI2C___StopWaiting, BitPos(__Lib_SoftI2C___StopWaiting+0) 
;__Lib_SoftI2C.mpas,108 :: 		
L__Soft_I2C_Read19:
0x023E	0xB682      	BTFSC       Soft_I2C_Scl, BitPos(Soft_I2C_Scl+0) 
0x0240	0xD004      	BRA         L__Soft_I2C_Read20
;__Lib_SoftI2C.mpas,110 :: 		
0x0242	0xA234      	BTFSS       __Lib_SoftI2C___StopWaiting, BitPos(__Lib_SoftI2C___StopWaiting+0) 
0x0244	0xD001      	BRA         L__Soft_I2C_Read24
;__Lib_SoftI2C.mpas,111 :: 		
0x0246	0xD001      	BRA         L__Soft_I2C_Read20
L__Soft_I2C_Read24:
;__Lib_SoftI2C.mpas,112 :: 		
0x0248	0xD7FA      	BRA         L__Soft_I2C_Read19
L__Soft_I2C_Read20:
;__Lib_SoftI2C.mpas,114 :: 		
0x024A	0xA882      	BTFSS       Soft_I2C_Sda, BitPos(Soft_I2C_Sda+0) 
0x024C	0xD002      	BRA         L__Soft_I2C_Read27
;__Lib_SoftI2C.mpas,115 :: 		
0x024E	0x5076      	MOVF        Soft_I2C_Read_temp, 0 
0x0250	0x1275      	IORWF       Soft_I2C_Read_local_result, 1 
L__Soft_I2C_Read27:
;__Lib_SoftI2C.mpas,117 :: 		
0x0252	0xDEF4      	RCALL       _Delay_1us
;__Lib_SoftI2C.mpas,118 :: 		
0x0254	0xDEF3      	RCALL       _Delay_1us
;__Lib_SoftI2C.mpas,120 :: 		
0x0256	0xDEFE      	RCALL       __Lib_SoftI2C_PutZerosToLATScl
;__Lib_SoftI2C.mpas,121 :: 		
0x0258	0x9694      	BCF         Soft_I2C_Scl_Direction, BitPos(Soft_I2C_Scl_Direction+0) 
;__Lib_SoftI2C.mpas,123 :: 		
0x025A	0x3277      	RRCF        Soft_I2C_Read_temp+1, 1 
0x025C	0x3276      	RRCF        Soft_I2C_Read_temp, 1 
0x025E	0x9E77      	BCF         Soft_I2C_Read_temp+1, 7 
;__Lib_SoftI2C.mpas,124 :: 		
0x0260	0xD7E1      	BRA         L__Soft_I2C_Read14
L__Soft_I2C_Read15:
;__Lib_SoftI2C.mpas,126 :: 		
0x0262	0x8894      	BSF         Soft_I2C_Sda_Direction, BitPos(Soft_I2C_Sda_Direction+0) 
;__Lib_SoftI2C.mpas,128 :: 		
0x0264	0xDEEB      	RCALL       _Delay_1us
;__Lib_SoftI2C.mpas,129 :: 		
0x0266	0xDEEA      	RCALL       _Delay_1us
;__Lib_SoftI2C.mpas,131 :: 		
0x0268	0x0E00      	MOVLW       0
0x026A	0x1874      	XORWF       FARG_Soft_I2C_Read_ack+1, 0 
0x026C	0xE102      	BNZ         L__Soft_I2C_Read84
0x026E	0x0E00      	MOVLW       0
0x0270	0x1873      	XORWF       FARG_Soft_I2C_Read_ack, 0 
L__Soft_I2C_Read84:
0x0272	0xE002      	BZ          L__Soft_I2C_Read30
;__Lib_SoftI2C.mpas,133 :: 		
0x0274	0xDEE6      	RCALL       __Lib_SoftI2C_PutZerosToLATSda
;__Lib_SoftI2C.mpas,134 :: 		
0x0276	0x9894      	BCF         Soft_I2C_Sda_Direction, BitPos(Soft_I2C_Sda_Direction+0) 
;__Lib_SoftI2C.mpas,135 :: 		
L__Soft_I2C_Read30:
;__Lib_SoftI2C.mpas,137 :: 		
0x0278	0xDEE1      	RCALL       _Delay_1us
;__Lib_SoftI2C.mpas,138 :: 		
0x027A	0xDEE0      	RCALL       _Delay_1us
;__Lib_SoftI2C.mpas,140 :: 		
0x027C	0x8694      	BSF         Soft_I2C_Scl_Direction, BitPos(Soft_I2C_Scl_Direction+0) 
;__Lib_SoftI2C.mpas,142 :: 		
0x027E	0x9234      	BCF         __Lib_SoftI2C___StopWaiting, BitPos(__Lib_SoftI2C___StopWaiting+0) 
;__Lib_SoftI2C.mpas,143 :: 		
L__Soft_I2C_Read33:
0x0280	0xB682      	BTFSC       Soft_I2C_Scl, BitPos(Soft_I2C_Scl+0) 
0x0282	0xD004      	BRA         L__Soft_I2C_Read34
;__Lib_SoftI2C.mpas,145 :: 		
0x0284	0xA234      	BTFSS       __Lib_SoftI2C___StopWaiting, BitPos(__Lib_SoftI2C___StopWaiting+0) 
0x0286	0xD001      	BRA         L__Soft_I2C_Read38
;__Lib_SoftI2C.mpas,146 :: 		
0x0288	0xD001      	BRA         L__Soft_I2C_Read34
L__Soft_I2C_Read38:
;__Lib_SoftI2C.mpas,147 :: 		
0x028A	0xD7FA      	BRA         L__Soft_I2C_Read33
L__Soft_I2C_Read34:
;__Lib_SoftI2C.mpas,149 :: 		
0x028C	0xDED7      	RCALL       _Delay_1us
;__Lib_SoftI2C.mpas,150 :: 		
0x028E	0xDED6      	RCALL       _Delay_1us
;__Lib_SoftI2C.mpas,152 :: 		
0x0290	0xDEE1      	RCALL       __Lib_SoftI2C_PutZerosToLATScl
;__Lib_SoftI2C.mpas,153 :: 		
0x0292	0x9694      	BCF         Soft_I2C_Scl_Direction, BitPos(Soft_I2C_Scl_Direction+0) 
;__Lib_SoftI2C.mpas,155 :: 		
0x0294	0xDED3      	RCALL       _Delay_1us
;__Lib_SoftI2C.mpas,156 :: 		
0x0296	0xDED2      	RCALL       _Delay_1us
;__Lib_SoftI2C.mpas,158 :: 		
0x0298	0xDED4      	RCALL       __Lib_SoftI2C_PutZerosToLATSda
;__Lib_SoftI2C.mpas,159 :: 		
0x029A	0x9894      	BCF         Soft_I2C_Sda_Direction, BitPos(Soft_I2C_Sda_Direction+0) 
;__Lib_SoftI2C.mpas,161 :: 		
0x029C	0xF000C075  	MOVFF       Soft_I2C_Read_local_result, R0
L_end_Soft_I2C_Read:
0x02A0	0x0012      	RETURN      0
; end of _Soft_I2C_Read
_msb:
;RTC.mbas,33 :: 		sub function msb(dim x as char) as char ' Yet another function. Make sure that parameters match the type definition
;RTC.mbas,34 :: 		result = (x>>4)+$30 '$30 to add '0' at the end to display it correctly
0x02A2	0x0E04      	MOVLW       4
0x02A4	0x6E01      	MOVWF       R1 
0x02A6	0xF000C06E  	MOVFF       FARG_msb_x, R0
0x02AA	0x5001      	MOVF        R1, 0 
L__msb18:
0x02AC	0xE004      	BZ          L__msb19
0x02AE	0x3200      	RRCF        R0, 1 
0x02B0	0x9E00      	BCF         R0, 7 
0x02B2	0x0FFF      	ADDLW       255
0x02B4	0xD7FB      	BRA         L__msb18
L__msb19:
0x02B6	0x0E30      	MOVLW       48
0x02B8	0x2400      	ADDWF       R0, 0 
0x02BA	0x6E02      	MOVWF       R2 
;RTC.mbas,35 :: 		end sub
0x02BC	0xF000C002  	MOVFF       R2, R0
L_end_msb:
0x02C0	0x0012      	RETURN      0
; end of _msb
_Lcd_Init:
;__Lib_Lcd.mpas,104 :: 		
;__Lib_Lcd.mpas,106 :: 		
0x02C2	0x9A93      	BCF         LCD_EN_Direction, BitPos(LCD_EN_Direction+0) 
;__Lib_Lcd.mpas,107 :: 		
0x02C4	0x9893      	BCF         LCD_RS_Direction, BitPos(LCD_RS_Direction+0) 
;__Lib_Lcd.mpas,108 :: 		
0x02C6	0x9093      	BCF         LCD_D4_Direction, BitPos(LCD_D4_Direction+0) 
;__Lib_Lcd.mpas,109 :: 		
0x02C8	0x9293      	BCF         LCD_D5_Direction, BitPos(LCD_D5_Direction+0) 
;__Lib_Lcd.mpas,110 :: 		
0x02CA	0x9493      	BCF         LCD_D6_Direction, BitPos(LCD_D6_Direction+0) 
;__Lib_Lcd.mpas,111 :: 		
0x02CC	0x9693      	BCF         LCD_D7_Direction, BitPos(LCD_D7_Direction+0) 
;__Lib_Lcd.mpas,113 :: 		
0x02CE	0x9A81      	BCF         LCD_EN, BitPos(LCD_EN+0) 
;__Lib_Lcd.mpas,114 :: 		
0x02D0	0x9881      	BCF         LCD_RS, BitPos(LCD_RS+0) 
;__Lib_Lcd.mpas,115 :: 		
0x02D2	0x9681      	BCF         LCD_D7, BitPos(LCD_D7+0) 
;__Lib_Lcd.mpas,116 :: 		
0x02D4	0x9481      	BCF         LCD_D6, BitPos(LCD_D6+0) 
;__Lib_Lcd.mpas,117 :: 		
0x02D6	0x9281      	BCF         LCD_D5, BitPos(LCD_D5+0) 
;__Lib_Lcd.mpas,118 :: 		
0x02D8	0x9081      	BCF         LCD_D4, BitPos(LCD_D4+0) 
;__Lib_Lcd.mpas,120 :: 		
0x02DA	0xDEA0      	RCALL       _Delay_5500us
;__Lib_Lcd.mpas,121 :: 		
0x02DC	0xDE9F      	RCALL       _Delay_5500us
;__Lib_Lcd.mpas,122 :: 		
0x02DE	0xDE9E      	RCALL       _Delay_5500us
;__Lib_Lcd.mpas,125 :: 		
0x02E0	0x8281      	BSF         LCD_D5, BitPos(LCD_D5+0) 
;__Lib_Lcd.mpas,126 :: 		
0x02E2	0x8081      	BSF         LCD_D4, BitPos(LCD_D4+0) 
;__Lib_Lcd.mpas,127 :: 		
0x02E4	0x8A81      	BSF         LCD_EN, BitPos(LCD_EN+0) 
;__Lib_Lcd.mpas,128 :: 		
0x02E6	0xDEAA      	RCALL       _Delay_1us
;__Lib_Lcd.mpas,129 :: 		
0x02E8	0x9A81      	BCF         LCD_EN, BitPos(LCD_EN+0) 
;__Lib_Lcd.mpas,130 :: 		
0x02EA	0xDE98      	RCALL       _Delay_5500us
;__Lib_Lcd.mpas,132 :: 		
0x02EC	0x8A81      	BSF         LCD_EN, BitPos(LCD_EN+0) 
;__Lib_Lcd.mpas,133 :: 		
0x02EE	0xDEA6      	RCALL       _Delay_1us
;__Lib_Lcd.mpas,134 :: 		
0x02F0	0x9A81      	BCF         LCD_EN, BitPos(LCD_EN+0) 
;__Lib_Lcd.mpas,135 :: 		
0x02F2	0xDE94      	RCALL       _Delay_5500us
;__Lib_Lcd.mpas,137 :: 		
0x02F4	0x8A81      	BSF         LCD_EN, BitPos(LCD_EN+0) 
;__Lib_Lcd.mpas,138 :: 		
0x02F6	0xDEA2      	RCALL       _Delay_1us
;__Lib_Lcd.mpas,139 :: 		
0x02F8	0x9A81      	BCF         LCD_EN, BitPos(LCD_EN+0) 
;__Lib_Lcd.mpas,140 :: 		
0x02FA	0xDE90      	RCALL       _Delay_5500us
;__Lib_Lcd.mpas,143 :: 		
0x02FC	0x9081      	BCF         LCD_D4, BitPos(LCD_D4+0) 
;__Lib_Lcd.mpas,144 :: 		
0x02FE	0x8A81      	BSF         LCD_EN, BitPos(LCD_EN+0) 
;__Lib_Lcd.mpas,145 :: 		
0x0300	0xDE9D      	RCALL       _Delay_1us
;__Lib_Lcd.mpas,146 :: 		
0x0302	0x9A81      	BCF         LCD_EN, BitPos(LCD_EN+0) 
;__Lib_Lcd.mpas,147 :: 		
0x0304	0xDE8B      	RCALL       _Delay_5500us
;__Lib_Lcd.mpas,150 :: 		
0x0306	0x8A81      	BSF         LCD_EN, BitPos(LCD_EN+0) 
;__Lib_Lcd.mpas,151 :: 		
0x0308	0xDE99      	RCALL       _Delay_1us
;__Lib_Lcd.mpas,152 :: 		
0x030A	0x9A81      	BCF         LCD_EN, BitPos(LCD_EN+0) 
;__Lib_Lcd.mpas,154 :: 		
0x030C	0x9281      	BCF         LCD_D5, BitPos(LCD_D5+0) 
;__Lib_Lcd.mpas,155 :: 		
0x030E	0x8681      	BSF         LCD_D7, BitPos(LCD_D7+0) 
;__Lib_Lcd.mpas,156 :: 		
0x0310	0x8A81      	BSF         LCD_EN, BitPos(LCD_EN+0) 
;__Lib_Lcd.mpas,157 :: 		
0x0312	0xDE94      	RCALL       _Delay_1us
;__Lib_Lcd.mpas,158 :: 		
0x0314	0x9A81      	BCF         LCD_EN, BitPos(LCD_EN+0) 
;__Lib_Lcd.mpas,159 :: 		
0x0316	0xDE82      	RCALL       _Delay_5500us
;__Lib_Lcd.mpas,162 :: 		
0x0318	0x9681      	BCF         LCD_D7, BitPos(LCD_D7+0) 
;__Lib_Lcd.mpas,163 :: 		
0x031A	0x8081      	BSF         LCD_D4, BitPos(LCD_D4+0) 
;__Lib_Lcd.mpas,164 :: 		
0x031C	0x8A81      	BSF         LCD_EN, BitPos(LCD_EN+0) 
;__Lib_Lcd.mpas,165 :: 		
0x031E	0xDE8E      	RCALL       _Delay_1us
;__Lib_Lcd.mpas,166 :: 		
0x0320	0x9A81      	BCF         LCD_EN, BitPos(LCD_EN+0) 
;__Lib_Lcd.mpas,168 :: 		
0x0322	0x9081      	BCF         LCD_D4, BitPos(LCD_D4+0) 
;__Lib_Lcd.mpas,169 :: 		
0x0324	0x8A81      	BSF         LCD_EN, BitPos(LCD_EN+0) 
;__Lib_Lcd.mpas,170 :: 		
0x0326	0xDE8A      	RCALL       _Delay_1us
;__Lib_Lcd.mpas,171 :: 		
0x0328	0x9A81      	BCF         LCD_EN, BitPos(LCD_EN+0) 
;__Lib_Lcd.mpas,172 :: 		
0x032A	0xDE78      	RCALL       _Delay_5500us
;__Lib_Lcd.mpas,175 :: 		
0x032C	0x8A81      	BSF         LCD_EN, BitPos(LCD_EN+0) 
;__Lib_Lcd.mpas,176 :: 		
0x032E	0xDE86      	RCALL       _Delay_1us
;__Lib_Lcd.mpas,177 :: 		
0x0330	0x9A81      	BCF         LCD_EN, BitPos(LCD_EN+0) 
;__Lib_Lcd.mpas,179 :: 		
0x0332	0x8081      	BSF         LCD_D4, BitPos(LCD_D4+0) 
;__Lib_Lcd.mpas,180 :: 		
0x0334	0x8A81      	BSF         LCD_EN, BitPos(LCD_EN+0) 
;__Lib_Lcd.mpas,181 :: 		
0x0336	0xDE82      	RCALL       _Delay_1us
;__Lib_Lcd.mpas,182 :: 		
0x0338	0x9A81      	BCF         LCD_EN, BitPos(LCD_EN+0) 
;__Lib_Lcd.mpas,183 :: 		
0x033A	0xDE70      	RCALL       _Delay_5500us
;__Lib_Lcd.mpas,186 :: 		
0x033C	0x9081      	BCF         LCD_D4, BitPos(LCD_D4+0) 
;__Lib_Lcd.mpas,187 :: 		
0x033E	0x8A81      	BSF         LCD_EN, BitPos(LCD_EN+0) 
;__Lib_Lcd.mpas,188 :: 		
0x0340	0xDE7D      	RCALL       _Delay_1us
;__Lib_Lcd.mpas,189 :: 		
0x0342	0x9A81      	BCF         LCD_EN, BitPos(LCD_EN+0) 
;__Lib_Lcd.mpas,191 :: 		
0x0344	0x8681      	BSF         LCD_D7, BitPos(LCD_D7+0) 
;__Lib_Lcd.mpas,192 :: 		
0x0346	0x8481      	BSF         LCD_D6, BitPos(LCD_D6+0) 
;__Lib_Lcd.mpas,193 :: 		
0x0348	0x8281      	BSF         LCD_D5, BitPos(LCD_D5+0) 
;__Lib_Lcd.mpas,194 :: 		
0x034A	0x8081      	BSF         LCD_D4, BitPos(LCD_D4+0) 
;__Lib_Lcd.mpas,195 :: 		
0x034C	0x8A81      	BSF         LCD_EN, BitPos(LCD_EN+0) 
;__Lib_Lcd.mpas,196 :: 		
0x034E	0xDE76      	RCALL       _Delay_1us
;__Lib_Lcd.mpas,197 :: 		
0x0350	0x9A81      	BCF         LCD_EN, BitPos(LCD_EN+0) 
;__Lib_Lcd.mpas,199 :: 		
0x0352	0xDE64      	RCALL       _Delay_5500us
;__Lib_Lcd.mpas,201 :: 		
0x0354	0x8034      	BSF         __Lib_Lcd_cmd_status, BitPos(__Lib_Lcd_cmd_status+0) 
;__Lib_Lcd.mpas,202 :: 		
L_end_Lcd_Init:
0x0356	0x0012      	RETURN      0
; end of _Lcd_Init
_UART1_Init:
;__Lib_UART_c67.mpas,34 :: 		
;__Lib_UART_c67.mpas,36 :: 		
0x0358	0x0EDC      	MOVLW       _UART1_Write
0x035A	0x6E3A      	MOVWF       _UART_Wr_Ptr 
0x035C	0x0E01      	MOVLW       hi_addr(_UART1_Write)
0x035E	0x6E3B      	MOVWF       _UART_Wr_Ptr+1 
0x0360	0x0E73      	MOVLW       FARG_UART1_Write_data_
0x0362	0x6E3C      	MOVWF       _UART_Wr_Ptr+2 
0x0364	0x0E00      	MOVLW       hi_addr(FARG_UART1_Write_data_)
0x0366	0x6E3D      	MOVWF       _UART_Wr_Ptr+3 
;__Lib_UART_c67.mpas,37 :: 		
0x0368	0x0EFF      	MOVLW       _UART1_Read
0x036A	0x6E3E      	MOVWF       _UART_Rd_Ptr 
0x036C	0x0EFF      	MOVLW       hi_addr(_UART1_Read)
0x036E	0x6E3F      	MOVWF       _UART_Rd_Ptr+1 
0x0370	0x0E00      	MOVLW       0
0x0372	0x6E40      	MOVWF       _UART_Rd_Ptr+2 
0x0374	0x0E00      	MOVLW       0
0x0376	0x6E41      	MOVWF       _UART_Rd_Ptr+3 
;__Lib_UART_c67.mpas,38 :: 		
0x0378	0x0EFF      	MOVLW       _UART1_Data_Ready
0x037A	0x6E30      	MOVWF       _UART_Rdy_Ptr 
0x037C	0x0EFF      	MOVLW       hi_addr(_UART1_Data_Ready)
0x037E	0x6E31      	MOVWF       _UART_Rdy_Ptr+1 
0x0380	0x0E00      	MOVLW       0
0x0382	0x6E32      	MOVWF       _UART_Rdy_Ptr+2 
0x0384	0x0E00      	MOVLW       0
0x0386	0x6E33      	MOVWF       _UART_Rdy_Ptr+3 
;__Lib_UART_c67.mpas,39 :: 		
0x0388	0x0EFF      	MOVLW       _UART1_TX_Idle
0x038A	0x6E35      	MOVWF       _UART_TX_Idle_Ptr 
0x038C	0x0EFF      	MOVLW       hi_addr(_UART1_TX_Idle)
0x038E	0x6E36      	MOVWF       _UART_TX_Idle_Ptr+1 
0x0390	0x0E00      	MOVLW       0
0x0392	0x6E37      	MOVWF       _UART_TX_Idle_Ptr+2 
0x0394	0x0E00      	MOVLW       0
0x0396	0x6E38      	MOVWF       _UART_TX_Idle_Ptr+3 
;__Lib_UART_c67.mpas,41 :: 		
0x0398	0x8AAC      	BSF         TXSTA, 5 
;__Lib_UART_c67.mpas,42 :: 		
0x039A	0x0E90      	MOVLW       144
0x039C	0x6EAB      	MOVWF       RCSTA 
;__Lib_UART_c67.mpas,43 :: 		
0x039E	0x8E94      	BSF         TRISC7_bit, BitPos(TRISC7_bit+0) 
;__Lib_UART_c67.mpas,44 :: 		
0x03A0	0x9C94      	BCF         TRISC6_bit, BitPos(TRISC6_bit+0) 
;__Lib_UART_c67.mpas,45 :: 		
L__UART1_Init2:
0x03A2	0xAA9E      	BTFSS       PIR1, 5 
0x03A4	0xD003      	BRA         L__UART1_Init3
;__Lib_UART_c67.mpas,46 :: 		
0x03A6	0xF000CFAE  	MOVFF       RCREG, R0
0x03AA	0xD7FB      	BRA         L__UART1_Init2
L__UART1_Init3:
;__Lib_UART_c67.mpas,47 :: 		
L_end_UART1_Init:
0x03AC	0x0012      	RETURN      0
; end of _UART1_Init
_Lcd_Out:
;__Lib_Lcd.mpas,207 :: 		
;__Lib_Lcd.mpas,210 :: 		
0x03AE	0x506E      	MOVF        FARG_Lcd_Out_row, 0 
0x03B0	0x0A01      	XORLW       1
0x03B2	0xE103      	BNZ         L__Lcd_Out30
0x03B4	0x0E80      	MOVLW       128
0x03B6	0x6E6E      	MOVWF       FARG_Lcd_Out_row 
0x03B8	0xD014      	BRA         L__Lcd_Out27
L__Lcd_Out30:
;__Lib_Lcd.mpas,211 :: 		
0x03BA	0x506E      	MOVF        FARG_Lcd_Out_row, 0 
0x03BC	0x0A02      	XORLW       2
0x03BE	0xE103      	BNZ         L__Lcd_Out33
0x03C0	0x0EC0      	MOVLW       192
0x03C2	0x6E6E      	MOVWF       FARG_Lcd_Out_row 
0x03C4	0xD00E      	BRA         L__Lcd_Out27
L__Lcd_Out33:
;__Lib_Lcd.mpas,212 :: 		
0x03C6	0x506E      	MOVF        FARG_Lcd_Out_row, 0 
0x03C8	0x0A03      	XORLW       3
0x03CA	0xE103      	BNZ         L__Lcd_Out36
0x03CC	0x0E94      	MOVLW       148
0x03CE	0x6E6E      	MOVWF       FARG_Lcd_Out_row 
0x03D0	0xD008      	BRA         L__Lcd_Out27
L__Lcd_Out36:
;__Lib_Lcd.mpas,213 :: 		
0x03D2	0x506E      	MOVF        FARG_Lcd_Out_row, 0 
0x03D4	0x0A04      	XORLW       4
0x03D6	0xE103      	BNZ         L__Lcd_Out39
0x03D8	0x0ED4      	MOVLW       212
0x03DA	0x6E6E      	MOVWF       FARG_Lcd_Out_row 
;__Lib_Lcd.mpas,214 :: 		
0x03DC	0xD002      	BRA         L__Lcd_Out27
L__Lcd_Out39:
;__Lib_Lcd.mpas,215 :: 		
0x03DE	0x0E80      	MOVLW       128
0x03E0	0x6E6E      	MOVWF       FARG_Lcd_Out_row 
L__Lcd_Out27:
;__Lib_Lcd.mpas,218 :: 		
0x03E2	0x046F      	DECF        FARG_Lcd_Out_column, 0 
0x03E4	0x6E00      	MOVWF       R0 
0x03E6	0x506E      	MOVF        FARG_Lcd_Out_row, 0 
0x03E8	0x2600      	ADDWF       R0, 1 
0x03EA	0xF06EC000  	MOVFF       R0, FARG_Lcd_Out_row
;__Lib_Lcd.mpas,220 :: 		
0x03EE	0xF078C000  	MOVFF       R0, FARG_Lcd_Cmd_out_char
0x03F2	0xDE39      	RCALL       _Lcd_Cmd
;__Lib_Lcd.mpas,221 :: 		
0x03F4	0x9034      	BCF         __Lib_Lcd_cmd_status, BitPos(__Lib_Lcd_cmd_status+0) 
;__Lib_Lcd.mpas,222 :: 		
0x03F6	0x6A72      	CLRF        Lcd_Out_i 
;__Lib_Lcd.mpas,223 :: 		
L__Lcd_Out41:
0x03F8	0x5072      	MOVF        Lcd_Out_i, 0 
0x03FA	0x2470      	ADDWF       FARG_Lcd_Out_text, 0 
0x03FC	0x6EE9      	MOVWF       FSR0L 
0x03FE	0x0E00      	MOVLW       0
0x0400	0x2071      	ADDWFC      FARG_Lcd_Out_text+1, 0 
0x0402	0x6EEA      	MOVWF       FSR0H 
0x0404	0x50EE      	MOVF        POSTINC0, 0 
0x0406	0x0A00      	XORLW       0
0x0408	0xE00B      	BZ          L__Lcd_Out42
;__Lib_Lcd.mpas,225 :: 		
0x040A	0x5072      	MOVF        Lcd_Out_i, 0 
0x040C	0x2470      	ADDWF       FARG_Lcd_Out_text, 0 
0x040E	0x6EE9      	MOVWF       FSR0L 
0x0410	0x0E00      	MOVLW       0
0x0412	0x2071      	ADDWFC      FARG_Lcd_Out_text+1, 0 
0x0414	0x6EEA      	MOVWF       FSR0H 
0x0416	0xF073CFEE  	MOVFF       POSTINC0, FARG_Lcd_Chr_CP_Out_Char
0x041A	0xDE63      	RCALL       _Lcd_Chr_CP
;__Lib_Lcd.mpas,226 :: 		
0x041C	0x2A72      	INCF        Lcd_Out_i, 1 
;__Lib_Lcd.mpas,227 :: 		
0x041E	0xD7EC      	BRA         L__Lcd_Out41
L__Lcd_Out42:
;__Lib_Lcd.mpas,228 :: 		
0x0420	0x8034      	BSF         __Lib_Lcd_cmd_status, BitPos(__Lib_Lcd_cmd_status+0) 
;__Lib_Lcd.mpas,229 :: 		
L_end_Lcd_Out:
0x0422	0x0012      	RETURN      0
; end of _Lcd_Out
_UART1_Write_Text:
;__Lib_UART_c67.mpas,90 :: 		
;__Lib_UART_c67.mpas,91 :: 		
0x0424	0x6A70      	CLRF        UART1_Write_Text_counter 
;__Lib_UART_c67.mpas,92 :: 		
0x0426	0xFFE9C06E  	MOVFF       FARG_UART1_Write_Text_uart_text, FSR0L
0x042A	0xFFEAC06F  	MOVFF       FARG_UART1_Write_Text_uart_text+1, FSR0H
0x042E	0xF071CFEE  	MOVFF       POSTINC0, UART1_Write_Text_data_
;__Lib_UART_c67.mpas,93 :: 		
L__UART1_Write_Text20:
0x0432	0x5071      	MOVF        UART1_Write_Text_data_, 0 
0x0434	0x0A00      	XORLW       0
0x0436	0xE00D      	BZ          L__UART1_Write_Text21
;__Lib_UART_c67.mpas,95 :: 		
0x0438	0xF073C071  	MOVFF       UART1_Write_Text_data_, FARG_UART1_Write_data_
0x043C	0xDECF      	RCALL       _UART1_Write
;__Lib_UART_c67.mpas,96 :: 		
0x043E	0x2A70      	INCF        UART1_Write_Text_counter, 1 
;__Lib_UART_c67.mpas,97 :: 		
0x0440	0x5070      	MOVF        UART1_Write_Text_counter, 0 
0x0442	0x246E      	ADDWF       FARG_UART1_Write_Text_uart_text, 0 
0x0444	0x6EE9      	MOVWF       FSR0L 
0x0446	0x0E00      	MOVLW       0
0x0448	0x206F      	ADDWFC      FARG_UART1_Write_Text_uart_text+1, 0 
0x044A	0x6EEA      	MOVWF       FSR0H 
0x044C	0xF071CFEE  	MOVFF       POSTINC0, UART1_Write_Text_data_
;__Lib_UART_c67.mpas,98 :: 		
0x0450	0xD7F0      	BRA         L__UART1_Write_Text20
L__UART1_Write_Text21:
;__Lib_UART_c67.mpas,99 :: 		
L_end_UART1_Write_Text:
0x0452	0x0012      	RETURN      0
; end of _UART1_Write_Text
_read_ds1307:
;RTC.mbas,40 :: 		sub function read_ds1307(dim adress as byte) as byte
;RTC.mbas,41 :: 		Soft_I2C_Start()              ' Issue start signal
0x0454	0xDE4C      	RCALL       _Soft_I2C_Start
;RTC.mbas,42 :: 		Soft_I2C_Write(0xd0)          ' Address ds1307
0x0456	0x0ED0      	MOVLW       208
0x0458	0x6E73      	MOVWF       FARG_Soft_I2C_Write_data_ 
0x045A	0xDE56      	RCALL       _Soft_I2C_Write
;RTC.mbas,43 :: 		Soft_I2C_Write(adress)        ' Start from address 2
0x045C	0xF073C06E  	MOVFF       FARG_read_ds1307_adress, FARG_Soft_I2C_Write_data_
0x0460	0xDE53      	RCALL       _Soft_I2C_Write
;RTC.mbas,44 :: 		Soft_I2C_Start()              ' Issue repeated start signal
0x0462	0xDE45      	RCALL       _Soft_I2C_Start
;RTC.mbas,45 :: 		Soft_I2C_Write(0xd1)          ' Address ds1307 for reading R/W=1
0x0464	0x0ED1      	MOVLW       209
0x0466	0x6E73      	MOVWF       FARG_Soft_I2C_Write_data_ 
0x0468	0xDE4F      	RCALL       _Soft_I2C_Write
;RTC.mbas,46 :: 		result = Soft_I2C_Read(0)
0x046A	0x6A73      	CLRF        FARG_Soft_I2C_Read_ack 
0x046C	0x6A74      	CLRF        FARG_Soft_I2C_Read_ack+1 
0x046E	0xDED5      	RCALL       _Soft_I2C_Read
0x0470	0xF06FC000  	MOVFF       R0, read_ds1307_local_result
;RTC.mbas,47 :: 		Soft_I2C_Stop()               ' Issue stop signal}
0x0474	0xDEBA      	RCALL       _Soft_I2C_Stop
;RTC.mbas,48 :: 		end sub
0x0476	0xF000C06F  	MOVFF       read_ds1307_local_result, R0
L_end_read_ds1307:
0x047A	0x0012      	RETURN      0
; end of _read_ds1307
_Soft_I2C_Init:
;__Lib_SoftI2C.mpas,72 :: 		
;__Lib_SoftI2C.mpas,77 :: 		
0x047C	0x8894      	BSF         Soft_I2C_Sda_Direction, BitPos(Soft_I2C_Sda_Direction+0) 
;__Lib_SoftI2C.mpas,78 :: 		
0x047E	0x8694      	BSF         Soft_I2C_Scl_Direction, BitPos(Soft_I2C_Scl_Direction+0) 
;__Lib_SoftI2C.mpas,80 :: 		
0x0480	0x9234      	BCF         __Lib_SoftI2C___StopWaiting, BitPos(__Lib_SoftI2C___StopWaiting+0) 
;__Lib_SoftI2C.mpas,81 :: 		
L__Soft_I2C_Init5:
0x0482	0xB682      	BTFSC       Soft_I2C_Scl, BitPos(Soft_I2C_Scl+0) 
0x0484	0xD004      	BRA         L__Soft_I2C_Init6
;__Lib_SoftI2C.mpas,83 :: 		
0x0486	0xA234      	BTFSS       __Lib_SoftI2C___StopWaiting, BitPos(__Lib_SoftI2C___StopWaiting+0) 
0x0488	0xD001      	BRA         L__Soft_I2C_Init10
;__Lib_SoftI2C.mpas,84 :: 		
0x048A	0xD001      	BRA         L__Soft_I2C_Init6
L__Soft_I2C_Init10:
;__Lib_SoftI2C.mpas,85 :: 		
0x048C	0xD7FA      	BRA         L__Soft_I2C_Init5
L__Soft_I2C_Init6:
;__Lib_SoftI2C.mpas,87 :: 		
L_end_Soft_I2C_Init:
0x048E	0x0012      	RETURN      0
; end of _Soft_I2C_Init
_lsb:
;RTC.mbas,37 :: 		sub function lsb(dim x as char) as char
;RTC.mbas,38 :: 		result = (x and 0x0f)+$30
0x0490	0x0E0F      	MOVLW       15
0x0492	0x146E      	ANDWF       FARG_lsb_x, 0 
0x0494	0x6E00      	MOVWF       R0 
0x0496	0x0E30      	MOVLW       48
0x0498	0x2400      	ADDWF       R0, 0 
0x049A	0x6E01      	MOVWF       R1 
;RTC.mbas,39 :: 		end sub
0x049C	0xF000C001  	MOVFF       R1, R0
L_end_lsb:
0x04A0	0x0012      	RETURN      0
; end of _lsb
_Init_Main:
;RTC.mbas,82 :: 		sub procedure Init_Main()
;RTC.mbas,83 :: 		time = "00:00:00"
0x04A2	0x0E30      	MOVLW       48
0x04A4	0x6E22      	MOVWF       _time 
0x04A6	0x0E30      	MOVLW       48
0x04A8	0x6E23      	MOVWF       _time+1 
0x04AA	0x0E3A      	MOVLW       58
0x04AC	0x6E24      	MOVWF       _time+2 
0x04AE	0x0E30      	MOVLW       48
0x04B0	0x6E25      	MOVWF       _time+3 
0x04B2	0x0E30      	MOVLW       48
0x04B4	0x6E26      	MOVWF       _time+4 
0x04B6	0x0E3A      	MOVLW       58
0x04B8	0x6E27      	MOVWF       _time+5 
0x04BA	0x0E30      	MOVLW       48
0x04BC	0x6E28      	MOVWF       _time+6 
0x04BE	0x0E30      	MOVLW       48
0x04C0	0x6E29      	MOVWF       _time+7 
0x04C2	0x6A2A      	CLRF        _time+8 
;RTC.mbas,84 :: 		date = "00/00/00"
0x04C4	0x0E30      	MOVLW       48
0x04C6	0x6E15      	MOVWF       _date 
0x04C8	0x0E30      	MOVLW       48
0x04CA	0x6E16      	MOVWF       _date+1 
0x04CC	0x0E2F      	MOVLW       47
0x04CE	0x6E17      	MOVWF       _date+2 
0x04D0	0x0E30      	MOVLW       48
0x04D2	0x6E18      	MOVWF       _date+3 
0x04D4	0x0E30      	MOVLW       48
0x04D6	0x6E19      	MOVWF       _date+4 
0x04D8	0x0E2F      	MOVLW       47
0x04DA	0x6E1A      	MOVWF       _date+5 
0x04DC	0x0E30      	MOVLW       48
0x04DE	0x6E1B      	MOVWF       _date+6 
0x04E0	0x0E30      	MOVLW       48
0x04E2	0x6E1C      	MOVWF       _date+7 
0x04E4	0x6A1D      	CLRF        _date+8 
;RTC.mbas,85 :: 		TRISB = 0
0x04E6	0x6A93      	CLRF        TRISB 
;RTC.mbas,86 :: 		PORTB = 0xFF
0x04E8	0x0EFF      	MOVLW       255
0x04EA	0x6E81      	MOVWF       PORTB 
;RTC.mbas,87 :: 		TRISB = 0xFF
0x04EC	0x0EFF      	MOVLW       255
0x04EE	0x6E93      	MOVWF       TRISB 
;RTC.mbas,88 :: 		ADCON1 = 0xFF
0x04F0	0x0EFF      	MOVLW       255
0x04F2	0x6EC1      	MOVWF       ADCON1 
;RTC.mbas,90 :: 		CMCON = 0xFF
0x04F4	0x0EFF      	MOVLW       255
0x04F6	0x6EB4      	MOVWF       CMCON 
;RTC.mbas,91 :: 		Soft_I2C_Init()           ' Initialize Soft I2C communication
0x04F8	0xDFC1      	RCALL       _Soft_I2C_Init
;RTC.mbas,92 :: 		UART1_Init(9600)
0x04FA	0x86B8      	BSF         BAUDCON, 3, 0
0x04FC	0x6AB0      	CLRF        SPBRGH 
0x04FE	0x0ECF      	MOVLW       207
0x0500	0x6EAF      	MOVWF       SPBRG 
0x0502	0x84AC      	BSF         TXSTA, 2, 0
0x0504	0xDF29      	RCALL       _UART1_Init
;RTC.mbas,93 :: 		Delay_ms(100)
0x0506	0x0E02      	MOVLW       2
0x0508	0x6E0B      	MOVWF       R11, 0
0x050A	0x0E04      	MOVLW       4
0x050C	0x6E0C      	MOVWF       R12, 0
0x050E	0x0EBA      	MOVLW       186
0x0510	0x6E0D      	MOVWF       R13, 0
L__Init_Main7:
0x0512	0x2E0D      	DECFSZ      R13, 1, 0
0x0514	0xD7FE      	BRA         L__Init_Main7
0x0516	0x2E0C      	DECFSZ      R12, 1, 0
0x0518	0xD7FC      	BRA         L__Init_Main7
0x051A	0x2E0B      	DECFSZ      R11, 1, 0
0x051C	0xD7FA      	BRA         L__Init_Main7
0x051E	0x0000      	NOP
;RTC.mbas,94 :: 		Lcd_Init()                ' Initialize Lcd
0x0520	0xDED0      	RCALL       _Lcd_Init
;RTC.mbas,95 :: 		Lcd_Cmd(_LCD_CLEAR)       ' Clear Lcd display
0x0522	0x0E01      	MOVLW       1
0x0524	0x6E78      	MOVWF       FARG_Lcd_Cmd_out_char 
0x0526	0xDD9F      	RCALL       _Lcd_Cmd
;RTC.mbas,96 :: 		Lcd_Cmd(_LCD_CURSOR_OFF)  ' Turn cursor off
0x0528	0x0E0C      	MOVLW       12
0x052A	0x6E78      	MOVWF       FARG_Lcd_Cmd_out_char 
0x052C	0xDD9C      	RCALL       _Lcd_Cmd
;RTC.mbas,98 :: 		Lcd_Out(1,1,"Date:")      ' Prepare and output static text on Lcd
0x052E	0x0E01      	MOVLW       1
0x0530	0x6E6E      	MOVWF       FARG_Lcd_Out_row 
0x0532	0x0E01      	MOVLW       1
0x0534	0x6E6F      	MOVWF       FARG_Lcd_Out_column 
0x0536	0x0E44      	MOVLW       68
0x0538	0x6E68      	MOVWF       ?LocalText_Init_Main 
0x053A	0x0E61      	MOVLW       97
0x053C	0x6E69      	MOVWF       ?LocalText_Init_Main+1 
0x053E	0x0E74      	MOVLW       116
0x0540	0x6E6A      	MOVWF       ?LocalText_Init_Main+2 
0x0542	0x0E65      	MOVLW       101
0x0544	0x6E6B      	MOVWF       ?LocalText_Init_Main+3 
0x0546	0x0E3A      	MOVLW       58
0x0548	0x6E6C      	MOVWF       ?LocalText_Init_Main+4 
0x054A	0x6A6D      	CLRF        ?LocalText_Init_Main+5 
0x054C	0x0E68      	MOVLW       ?LocalText_Init_Main
0x054E	0x6E70      	MOVWF       FARG_Lcd_Out_text 
0x0550	0x0E00      	MOVLW       hi_addr(?LocalText_Init_Main)
0x0552	0x6E71      	MOVWF       FARG_Lcd_Out_text+1 
0x0554	0xDF2C      	RCALL       _Lcd_Out
;RTC.mbas,100 :: 		Lcd_Out(2,1,"Time:")
0x0556	0x0E02      	MOVLW       2
0x0558	0x6E6E      	MOVWF       FARG_Lcd_Out_row 
0x055A	0x0E01      	MOVLW       1
0x055C	0x6E6F      	MOVWF       FARG_Lcd_Out_column 
0x055E	0x0E54      	MOVLW       84
0x0560	0x6E68      	MOVWF       ?LocalText_Init_Main 
0x0562	0x0E69      	MOVLW       105
0x0564	0x6E69      	MOVWF       ?LocalText_Init_Main+1 
0x0566	0x0E6D      	MOVLW       109
0x0568	0x6E6A      	MOVWF       ?LocalText_Init_Main+2 
0x056A	0x0E65      	MOVLW       101
0x056C	0x6E6B      	MOVWF       ?LocalText_Init_Main+3 
0x056E	0x0E3A      	MOVLW       58
0x0570	0x6E6C      	MOVWF       ?LocalText_Init_Main+4 
0x0572	0x6A6D      	CLRF        ?LocalText_Init_Main+5 
0x0574	0x0E68      	MOVLW       ?LocalText_Init_Main
0x0576	0x6E70      	MOVWF       FARG_Lcd_Out_text 
0x0578	0x0E00      	MOVLW       hi_addr(?LocalText_Init_Main)
0x057A	0x6E71      	MOVWF       FARG_Lcd_Out_text+1 
0x057C	0xDF18      	RCALL       _Lcd_Out
;RTC.mbas,102 :: 		end sub
L_end_Init_Main:
0x057E	0x0012      	RETURN      0
; end of _Init_Main
___CS2S:
;__Lib_System.mpas,82 :: 		
;__Lib_System.mpas,84 :: 		
L_loopCS2Ss:
;__Lib_System.mpas,85 :: 		
0x0580	0x50DE      	MOVF        POSTINC2, 0, 0
;__Lib_System.mpas,86 :: 		
0x0582	0xE003      	BZ          L_CS2Send
;__Lib_System.mpas,87 :: 		
0x0584	0x6EE6      	MOVWF       POSTINC1, 0
;__Lib_System.mpas,88 :: 		
0x0586	0xF002EFC0  	GOTO        L_loopCS2Ss
;__Lib_System.mpas,89 :: 		
L_CS2Send:
;__Lib_System.mpas,91 :: 		
L_end___CS2S:
0x058A	0x0012      	RETURN      0
; end of ___CS2S
_UART1_Write_Line:
;RTC.mbas,28 :: 		sub procedure UART1_Write_Line( dim byref uart_text as string )
;RTC.mbas,29 :: 		UART1_Write_Text(uart_text)
0x058C	0xF06EC068  	MOVFF       FARG_UART1_Write_Line_uart_text, FARG_UART1_Write_Text_uart_text
0x0590	0xF06FC069  	MOVFF       FARG_UART1_Write_Line_uart_text+1, FARG_UART1_Write_Text_uart_text+1
0x0594	0xDF47      	RCALL       _UART1_Write_Text
;RTC.mbas,30 :: 		UART1_Write(13)
0x0596	0x0E0D      	MOVLW       13
0x0598	0x6E73      	MOVWF       FARG_UART1_Write_data_ 
0x059A	0xDE20      	RCALL       _UART1_Write
;RTC.mbas,31 :: 		UART1_Write(10)
0x059C	0x0E0A      	MOVLW       10
0x059E	0x6E73      	MOVWF       FARG_UART1_Write_data_ 
0x05A0	0xDE1D      	RCALL       _UART1_Write
;RTC.mbas,32 :: 		end sub
L_end_UART1_Write_Line:
0x05A2	0x0012      	RETURN      0
; end of _UART1_Write_Line
_Display_Time:
;RTC.mbas,76 :: 		sub procedure Display_Time()
;RTC.mbas,77 :: 		lcd_out(2, 6, time)
0x05A4	0x0E02      	MOVLW       2
0x05A6	0x6E6E      	MOVWF       FARG_Lcd_Out_row 
0x05A8	0x0E06      	MOVLW       6
0x05AA	0x6E6F      	MOVWF       FARG_Lcd_Out_column 
0x05AC	0x0E22      	MOVLW       _time
0x05AE	0x6E70      	MOVWF       FARG_Lcd_Out_text 
0x05B0	0x0E00      	MOVLW       hi_addr(_time)
0x05B2	0x6E71      	MOVWF       FARG_Lcd_Out_text+1 
0x05B4	0xDEFC      	RCALL       _Lcd_Out
;RTC.mbas,78 :: 		lcd_out(1, 6, date)
0x05B6	0x0E01      	MOVLW       1
0x05B8	0x6E6E      	MOVWF       FARG_Lcd_Out_row 
0x05BA	0x0E06      	MOVLW       6
0x05BC	0x6E6F      	MOVWF       FARG_Lcd_Out_column 
0x05BE	0x0E15      	MOVLW       _date
0x05C0	0x6E70      	MOVWF       FARG_Lcd_Out_text 
0x05C2	0x0E00      	MOVLW       hi_addr(_date)
0x05C4	0x6E71      	MOVWF       FARG_Lcd_Out_text+1 
0x05C6	0xDEF3      	RCALL       _Lcd_Out
;RTC.mbas,79 :: 		end sub
L_end_Display_Time:
0x05C8	0x0012      	RETURN      0
; end of _Display_Time
_Read_Time:
;RTC.mbas,51 :: 		sub procedure Read_Time()
;RTC.mbas,52 :: 		seconds = read_ds1307(0)        'read second byte
0x05CA	0x6A6E      	CLRF        FARG_read_ds1307_adress 
0x05CC	0xDF43      	RCALL       _read_ds1307
0x05CE	0xF039C000  	MOVFF       R0, _seconds
;RTC.mbas,53 :: 		minutes = read_ds1307(1)        'read minute byte
0x05D2	0x0E01      	MOVLW       1
0x05D4	0x6E6E      	MOVWF       FARG_read_ds1307_adress 
0x05D6	0xDF3E      	RCALL       _read_ds1307
0x05D8	0xF021C000  	MOVFF       R0, _minutes
;RTC.mbas,54 :: 		hours = read_ds1307(2)          'read hour byte
0x05DC	0x0E02      	MOVLW       2
0x05DE	0x6E6E      	MOVWF       FARG_read_ds1307_adress 
0x05E0	0xDF39      	RCALL       _read_ds1307
0x05E2	0xF020C000  	MOVFF       R0, _hours
;RTC.mbas,55 :: 		day = read_ds1307(4)            'read day byte
0x05E6	0x0E04      	MOVLW       4
0x05E8	0x6E6E      	MOVWF       FARG_read_ds1307_adress 
0x05EA	0xDF34      	RCALL       _read_ds1307
0x05EC	0xF02DC000  	MOVFF       R0, _day
;RTC.mbas,56 :: 		month = read_ds1307(5)          'read month byte
0x05F0	0x0E05      	MOVLW       5
0x05F2	0x6E6E      	MOVWF       FARG_read_ds1307_adress 
0x05F4	0xDF2F      	RCALL       _read_ds1307
0x05F6	0xF02EC000  	MOVFF       R0, _month
;RTC.mbas,57 :: 		year = read_ds1307(6)           'read year byte
0x05FA	0x0E06      	MOVLW       6
0x05FC	0x6E6E      	MOVWF       FARG_read_ds1307_adress 
0x05FE	0xDF2A      	RCALL       _read_ds1307
0x0600	0xF02FC000  	MOVFF       R0, _year
;RTC.mbas,58 :: 		time[0] = msb(hours)
0x0604	0xF06EC020  	MOVFF       _hours, FARG_msb_x
0x0608	0xDE4C      	RCALL       _msb
0x060A	0xF022C000  	MOVFF       R0, _time
;RTC.mbas,59 :: 		time[1] = lsb(hours)
0x060E	0xF06EC020  	MOVFF       _hours, FARG_lsb_x
0x0612	0xDF3E      	RCALL       _lsb
0x0614	0xF023C000  	MOVFF       R0, _time+1
;RTC.mbas,60 :: 		time[3] = msb(minutes)
0x0618	0xF06EC021  	MOVFF       _minutes, FARG_msb_x
0x061C	0xDE42      	RCALL       _msb
0x061E	0xF025C000  	MOVFF       R0, _time+3
;RTC.mbas,61 :: 		time[4] = lsb(minutes)
0x0622	0xF06EC021  	MOVFF       _minutes, FARG_lsb_x
0x0626	0xDF34      	RCALL       _lsb
0x0628	0xF026C000  	MOVFF       R0, _time+4
;RTC.mbas,62 :: 		time[6] = msb(seconds)
0x062C	0xF06EC039  	MOVFF       _seconds, FARG_msb_x
0x0630	0xDE38      	RCALL       _msb
0x0632	0xF028C000  	MOVFF       R0, _time+6
;RTC.mbas,63 :: 		time[7] = lsb(seconds)
0x0636	0xF06EC039  	MOVFF       _seconds, FARG_lsb_x
0x063A	0xDF2A      	RCALL       _lsb
0x063C	0xF029C000  	MOVFF       R0, _time+7
;RTC.mbas,64 :: 		date[0] = msb(day)
0x0640	0xF06EC02D  	MOVFF       _day, FARG_msb_x
0x0644	0xDE2E      	RCALL       _msb
0x0646	0xF015C000  	MOVFF       R0, _date
;RTC.mbas,65 :: 		date[1] = lsb(day)
0x064A	0xF06EC02D  	MOVFF       _day, FARG_lsb_x
0x064E	0xDF20      	RCALL       _lsb
0x0650	0xF016C000  	MOVFF       R0, _date+1
;RTC.mbas,66 :: 		date[3] = msb(month)
0x0654	0xF06EC02E  	MOVFF       _month, FARG_msb_x
0x0658	0xDE24      	RCALL       _msb
0x065A	0xF018C000  	MOVFF       R0, _date+3
;RTC.mbas,67 :: 		date[4] = lsb(month)
0x065E	0xF06EC02E  	MOVFF       _month, FARG_lsb_x
0x0662	0xDF16      	RCALL       _lsb
0x0664	0xF019C000  	MOVFF       R0, _date+4
;RTC.mbas,68 :: 		date[6] = msb(year)
0x0668	0xF06EC02F  	MOVFF       _year, FARG_msb_x
0x066C	0xDE1A      	RCALL       _msb
0x066E	0xF01BC000  	MOVFF       R0, _date+6
;RTC.mbas,69 :: 		date[7] = lsb(year)
0x0672	0xF06EC02F  	MOVFF       _year, FARG_lsb_x
0x0676	0xDF0C      	RCALL       _lsb
0x0678	0xF01CC000  	MOVFF       R0, _date+7
;RTC.mbas,71 :: 		end sub
L_end_Read_Time:
0x067C	0x0012      	RETURN      0
; end of _Read_Time
_main:
;RTC.mbas,105 :: 		main:
;RTC.mbas,106 :: 		Delay_ms(500)
0x067E	0x0E06      	MOVLW       6
0x0680	0x6E0B      	MOVWF       R11, 0
0x0682	0x0E13      	MOVLW       19
0x0684	0x6E0C      	MOVWF       R12, 0
0x0686	0x0EAD      	MOVLW       173
0x0688	0x6E0D      	MOVWF       R13, 0
L__main9:
0x068A	0x2E0D      	DECFSZ      R13, 1, 0
0x068C	0xD7FE      	BRA         L__main9
0x068E	0x2E0C      	DECFSZ      R12, 1, 0
0x0690	0xD7FC      	BRA         L__main9
0x0692	0x2E0B      	DECFSZ      R11, 1, 0
0x0694	0xD7FA      	BRA         L__main9
0x0696	0x0000      	NOP
0x0698	0x0000      	NOP
;RTC.mbas,108 :: 		Init_Main()             ' Perform initialization
0x069A	0xDF03      	RCALL       _Init_Main
;RTC.mbas,110 :: 		while TRUE              ' Endless loop
L__main11:
;RTC.mbas,111 :: 		Read_Time()           ' Read time from RTC(PCF8583)
0x069C	0xDF96      	RCALL       _Read_Time
;RTC.mbas,112 :: 		Display_Time()      ' Format date and time
0x069E	0xDF82      	RCALL       _Display_Time
;RTC.mbas,113 :: 		UART1_Write_Line("Date: "+ date+ +" *** " + "Time: "+ time)
0x06A0	0x0E42      	MOVLW       _???addstrings_temp_main
0x06A2	0x6EE1      	MOVWF       FSR1L 
0x06A4	0x0E00      	MOVLW       hi_addr(_???addstrings_temp_main)
0x06A6	0x6EE2      	MOVWF       FSR1H 
0x06A8	0x0E44      	MOVLW       68
0x06AA	0x6EE6      	MOVWF       POSTINC1 
0x06AC	0x0E61      	MOVLW       97
0x06AE	0x6EE6      	MOVWF       POSTINC1 
0x06B0	0x0E74      	MOVLW       116
0x06B2	0x6EE6      	MOVWF       POSTINC1 
0x06B4	0x0E65      	MOVLW       101
0x06B6	0x6EE6      	MOVWF       POSTINC1 
0x06B8	0x0E3A      	MOVLW       58
0x06BA	0x6EE6      	MOVWF       POSTINC1 
0x06BC	0x0E20      	MOVLW       32
0x06BE	0x6EE6      	MOVWF       POSTINC1 
0x06C0	0x0E15      	MOVLW       _date
0x06C2	0x6ED9      	MOVWF       FSR2L 
0x06C4	0x0E00      	MOVLW       hi_addr(_date)
0x06C6	0x6EDA      	MOVWF       FSR2H 
0x06C8	0xDF5B      	RCALL       ___CS2S
0x06CA	0x0E20      	MOVLW       32
0x06CC	0x6EE6      	MOVWF       POSTINC1 
0x06CE	0x0E2A      	MOVLW       42
0x06D0	0x6EE6      	MOVWF       POSTINC1 
0x06D2	0x0E2A      	MOVLW       42
0x06D4	0x6EE6      	MOVWF       POSTINC1 
0x06D6	0x0E2A      	MOVLW       42
0x06D8	0x6EE6      	MOVWF       POSTINC1 
0x06DA	0x0E20      	MOVLW       32
0x06DC	0x6EE6      	MOVWF       POSTINC1 
0x06DE	0x0E54      	MOVLW       84
0x06E0	0x6EE6      	MOVWF       POSTINC1 
0x06E2	0x0E69      	MOVLW       105
0x06E4	0x6EE6      	MOVWF       POSTINC1 
0x06E6	0x0E6D      	MOVLW       109
0x06E8	0x6EE6      	MOVWF       POSTINC1 
0x06EA	0x0E65      	MOVLW       101
0x06EC	0x6EE6      	MOVWF       POSTINC1 
0x06EE	0x0E3A      	MOVLW       58
0x06F0	0x6EE6      	MOVWF       POSTINC1 
0x06F2	0x0E20      	MOVLW       32
0x06F4	0x6EE6      	MOVWF       POSTINC1 
0x06F6	0x0E22      	MOVLW       _time
0x06F8	0x6ED9      	MOVWF       FSR2L 
0x06FA	0x0E00      	MOVLW       hi_addr(_time)
0x06FC	0x6EDA      	MOVWF       FSR2H 
0x06FE	0xDF40      	RCALL       ___CS2S
0x0700	0x6AE6      	CLRF        POSTINC1 
0x0702	0x0E42      	MOVLW       _???addstrings_temp_main
0x0704	0x6E68      	MOVWF       FARG_UART1_Write_Line_uart_text 
0x0706	0x0E00      	MOVLW       hi_addr(_???addstrings_temp_main)
0x0708	0x6E69      	MOVWF       FARG_UART1_Write_Line_uart_text+1 
0x070A	0xDF40      	RCALL       _UART1_Write_Line
;RTC.mbas,114 :: 		Delay_ms(100)
0x070C	0x0E02      	MOVLW       2
0x070E	0x6E0B      	MOVWF       R11, 0
0x0710	0x0E04      	MOVLW       4
0x0712	0x6E0C      	MOVWF       R12, 0
0x0714	0x0EBA      	MOVLW       186
0x0716	0x6E0D      	MOVWF       R13, 0
L__main15:
0x0718	0x2E0D      	DECFSZ      R13, 1, 0
0x071A	0xD7FE      	BRA         L__main15
0x071C	0x2E0C      	DECFSZ      R12, 1, 0
0x071E	0xD7FC      	BRA         L__main15
0x0720	0x2E0B      	DECFSZ      R11, 1, 0
0x0722	0xD7FA      	BRA         L__main15
0x0724	0x0000      	NOP
;RTC.mbas,115 :: 		wend
0x0726	0xD7BA      	BRA         L__main11
L_end_main:
0x0728	0xD7FF      	BRA         $+0
; end of _main
Symbol List:
//** Routines locations **
//ADDRESS    SIZE    PROCEDURE
//----------------------------------------------
0x001C      [22]    _Delay_5500us
0x0032      [10]    _Delay_50us
0x003C       [6]    _Delay_1us
0x0042      [18]    __Lib_SoftI2C_PutZerosToLATSda
0x0054      [18]    __Lib_SoftI2C_PutZerosToLATScl
0x0066     [124]    _Lcd_Cmd
0x00E2      [12]    _Lcd_Chr_CP
0x00EE      [26]    _Soft_I2C_Start
0x0108     [212]    _Soft_I2C_Write
0x01DC      [14]    _UART1_Write
0x01EA      [48]    _Soft_I2C_Stop
0x021A     [136]    _Soft_I2C_Read
0x02A2      [32]    _msb
0x02C2     [150]    _Lcd_Init
0x0358      [86]    _UART1_Init
0x03AE     [118]    _Lcd_Out
0x0424      [48]    _UART1_Write_Text
0x0454      [40]    _read_ds1307
0x047C      [20]    _Soft_I2C_Init
0x0490      [18]    _lsb
0x04A2     [222]    _Init_Main
0x0580      [12]    ___CS2S
0x058C      [24]    _UART1_Write_Line
0x05A4      [38]    _Display_Time
0x05CA     [180]    _Read_Time
0x067E     [172]    _main
//** Variables locations ** 
//ADDRESS    SIZE    VARIABLE
//----------------------------------------------
0x0000       [1]    UART1_Init_tmp
0x0000       [1]    FLASH_Erase_64_SaveINTCON
0x0000       [1]    PutZerosToLATScl_temp_scl
0x0000       [1]    SPI1_Write_tmp
0x0000       [1]    PutZerosToLATSda_temp_sda
0x0000       [1]    R0
0x0000       [1]    EEPROM_Write_SaveINTCON
0x0001       [1]    JPEG_FileReadBytes_local_result
0x0001       [1]    Is_TFT_Rotated_180_local_result
0x0001       [1]    Is_TFT_Set_local_result
0x0001       [1]    Is_SSD1963_Set_local_result
0x0001       [1]    Cf_Detect_local_result
0x0001       [1]    FLASH_Write_32_counter
0x0001       [1]    JPEG_ToCharRange_local_result
0x0001       [1]    JPEG_FileReadBytes_local_result
0x0001       [1]    JPEG_ToSignedCharRange_local_result
0x0001       [2]    strcat2_ptrl1
0x0001       [1]    UART1_Data_Ready_local_result
0x0001       [1]    Clock_Wait_High_local_result
0x0001       [1]    closeDir_local_result
0x0001       [1]    UART1_Read_local_result
0x0001       [1]    R1
0x0001       [1]    FLASH_Read_local_result
0x0001       [2]    memset_chptr
0x0001       [1]    Mmc_Fat_EOF_local_result
0x0001       [1]    MM_error_local_result
0x0001       [2]    memcpy_chptr1
0x0001       [1]    lsb_local_result
0x0001       [2]    FLASH_Read_N_Bytes_counter
0x0001       [2]    strcat_ptr1
0x0001       [1]    FLASH_Erase_Write_64_cnt1
0x0001       [1]    UART1_TX_Idle_local_result
0x0001       [1]    I2C1_Rd_local_result
0x0001       [2]    strncat2_ptr1
0x0001       [1]    I2C1_Wr_local_result
0x0001       [1]    JPEG_ToSignedCharRange_local_result
0x0001       [2]    strncpy_ptr1
0x0001       [1]    SPI1_Read_local_result
0x0001       [2]    ltrim_ptr1
0x0001       [1]    EEPROM_Read_local_result
0x0001       [2]    strcpy_ptr1
0x0001       [1]    Is_TFT_16bit_Rotated_180_local_result
0x0001       [1]    Is_TFT_16bit_Set_local_result
0x0001       [1]    Is_SSD1963_16bit_Set_local_result
0x0001       [1]    JPEG_ToCharRange_local_result
0x0002       [2]    strchr_local_result
0x0002       [2]    Length_local_result
0x0002       [2]    min_local_result
0x0002       [1]    R2
0x0002       [1]    msb_local_result
0x0002       [2]    strstr_local_result
0x0002       [1]    FLASH_Erase_Write_64_cnt2
0x0002       [2]    abs_local_result
0x0002       [1]    I2C1_Is_Idle_local_result
0x0002       [2]    SPI_Ethernet_getIpMask_local_result
0x0002       [1]    isupper_local_result
0x0002       [2]    strlen_local_result
0x0002       [1]    JPEG_FileRead_i
0x0002       [1]    islower_local_result
0x0002       [2]    max_local_result
0x0002       [1]    iscntrl_local_result
0x0002       [2]    T6963C_WaitReady_ptr
0x0002       [1]    UART1_Read_tmp
0x0002       [2]    strncat_ptr1
0x0002       [1]    JPEG_FileRead_i
0x0002       [1]    tolower_local_result
0x0002       [2]    SPI_Ethernet_24j600_getIpAddress_local_result
0x0002       [2]    SPI_Ethernet_24j600_getGwIpAddress_local_result
0x0002       [2]    SPI_Ethernet_24j600_getDnsIpAddress_local_result
0x0002       [2]    SPI_Ethernet_getIpAddress_local_result
0x0002       [2]    constToVar_local_result
0x0002       [1]    toupper_local_result
0x0002       [2]    memchr_local_result
0x0002       [1]    Wait_Falling_local_result
0x0002       [2]    memcmp_local_result
0x0002       [1]    FLASH_Write_32_SaveINTCON
0x0002       [1]    isdigit_local_result
0x0002       [1]    Clock_Wait_Low_local_result
0x0002       [2]    SPI_Ethernet_getGwIpAddress_local_result
0x0002       [2]    SPI_Ethernet_getDnsIpAddress_local_result
0x0002       [1]    ispunct_local_result
0x0002       [2]    SPI_Ethernet_24j600_getIpMask_local_result
0x0002       [2]    f16_toInt_local_result
0x0003       [2]    strcmp_local_result
0x0003       [2]    strncat2_ptr2
0x0003       [1]    Wait_Falling_osample
0x0003       [1]    isspace_local_result
0x0003       [2]    strcpy_ptr2
0x0003       [2]    strncpy_ptr2
0x0003       [2]    ltrim_ptr2
0x0003       [1]    R3
0x0003       [2]    MM_TotalFreeMemSize_local_result
0x0003       [2]    strcat_ptr2
0x0003       [1]    MM_Init_i
0x0003       [2]    memcpy_chptr2
0x0003       [1]    FLASH_Erase_Write_64_SaveINTCON
0x0003       [2]    MM_CheckBlocks_local_result
0x0003       [2]    strcat2_ptr1
0x0004       [2]    strncat_ptr2
0x0004       [4]    Mmc_Fat_Tell_local_result
0x0004       [4]    Get_Fosc_kHz_local_result
0x0004       [4]    f16_toLong_local_result
0x0004       [1]    Wait_Falling_nsample
0x0004       [2]    strncmp_local_result
0x0004       [2]    strlen_ptr
0x0004       [4]    frexp_local_result
0x0004       [1]    R4
0x0004       [4]    Mmc_Fat_Get_File_Size_local_result
0x0004       [2]    memmove_chptr1
0x0004       [4]    Cf_Fat_Get_File_Size_local_result
0x0004       [4]    labs_local_result
0x0004       [2]    Length_ptr
0x0004       [2]    strchr_ptr
0x0004       [1]    Ps2_Get_Value_local_result
0x0004       [2]    strstr_i
0x0004       [2]    memcmp_chptr1
0x0004       [2]    memchr_chptr
0x0005       [2]    strcmp_ptr1
0x0005       [2]    strcat2_ptr2
0x0005       [2]    LongIntToHex_input_half
0x0005       [1]    Wait_Falling_i
0x0005       [1]    MM_TotalFreeMemSize_i
0x0005       [2]    LongWordToHex_input_half
0x0005       [1]    Ps2_Get_Value_rslt
0x0005       [1]    R5
0x0005       [1]    GetMemAlign_i
0x0006       [2]    strstr_j
0x0006       [1]    strncmp_ch1
0x0006       [1]    R6
0x0006       [2]    TFT_RGBToColor16bit_local_result
0x0006       [2]    TFT_16bit_RGBToColor16bit_local_result
0x0006       [2]    memmove_chptr2
0x0006       [2]    memcmp_chptr2
0x0007       [1]    strncmp_ch2
0x0007       [2]    strcmp_ptr2
0x0007       [1]    R7
0x0008       [2]    strstr_k
0x0008       [1]    JPEG_GenerateHuffmanTables_local_result
0x0008       [1]    JPEG_GenerateHuffmanTables_local_result
0x0008       [2]    strncmp_ptr1
0x0008       [1]    R8
0x0009       [1]    JPEG_GenerateHuffmanTables_bLength
0x0009       [1]    JPEG_GenerateHuffmanTables_bLength
0x0009       [1]    R9
0x0009       [4]    JPEG_UnscaleValue_local_result
0x0009       [4]    JPEG_UnscaleValue_local_result
0x000A       [2]    strncmp_ptr2
0x000A       [1]    JPEG_GenerateHuffmanTables_bTable
0x000A       [1]    JPEG_GenerateHuffmanTables_bTable
0x000A       [1]    strstr_aa
0x000A       [1]    R10
0x000B       [1]    R11
0x000B       [1]    strstr_bb
0x000C       [1]    R12
0x000D       [1]    R13
0x000E       [1]    R14
0x000F       [1]    R15
0x0010       [1]    R16
0x0011       [1]    R17
0x0012       [1]    R18
0x0013       [1]    R19
0x0014       [1]    R20
0x0015      [11]    _date
0x0020       [1]    _hours
0x0021       [1]    _minutes
0x0022      [11]    _time
0x002D       [1]    _day
0x002E       [1]    _month
0x002F       [1]    _year
0x0030       [4]    _UART_Rdy_Ptr
0x0034       [0]    __Lib_SoftI2C___StopWaiting
0x0034       [0]    __Lib_Lcd_cmd_status
0x0035       [4]    _UART_TX_Idle_Ptr
0x0039       [1]    _seconds
0x003A       [4]    _UART_Wr_Ptr
0x003E       [4]    _UART_Rd_Ptr
0x0042      [38]    _???addstrings_temp_main
0x0068       [2]    FARG_UART1_Write_Line_uart_text
0x0068       [6]    ?LocalText_Init_Main
0x006E       [2]    FARG_UART1_Write_Text_uart_text
0x006E       [1]    FARG_lsb_x
0x006E       [1]    FARG_read_ds1307_adress
0x006E       [1]    FARG_Lcd_Out_row
0x006E       [1]    FARG_msb_x
0x006F       [1]    read_ds1307_local_result
0x006F       [1]    FARG_Lcd_Out_column
0x0070       [1]    UART1_Write_Text_counter
0x0070       [2]    FARG_Lcd_Out_text
0x0071       [1]    UART1_Write_Text_data_
0x0072       [1]    Lcd_Out_i
0x0073       [1]    FARG_Lcd_Chr_CP_Out_Char
0x0073       [1]    FARG_Soft_I2C_Write_data_
0x0073       [2]    FARG_Soft_I2C_Read_ack
0x0073       [1]    FARG_UART1_Write_data_
0x0074       [1]    Soft_I2C_Write_local_result
0x0075       [2]    Soft_I2C_Write_temp
0x0075       [1]    Soft_I2C_Read_local_result
0x0076       [2]    Soft_I2C_Read_temp
0x0078       [1]    FARG_Lcd_Cmd_out_char
0x0F81       [0]    LCD_D6
0x0F81       [0]    LCD_D7
0x0F81       [0]    RB3_bit
0x0F81       [0]    RB4_bit
0x0F81       [0]    RB5_bit
0x0F81       [0]    RB1_bit
0x0F81       [0]    RB2_bit
0x0F81       [1]    PORTB
0x0F81       [0]    LCD_D5
0x0F81       [0]    LCD_D4
0x0F81       [0]    RB0_bit
0x0F81       [0]    LCD_RS
0x0F81       [0]    LCD_EN
0x0F82       [0]    Soft_I2C_Sda
0x0F82       [0]    Soft_I2C_Scl
0x0F82       [0]    RC3_bit
0x0F82       [0]    RC4_bit
0x0F93       [0]    LCD_D5_Direction
0x0F93       [0]    LCD_D4_Direction
0x0F93       [0]    LCD_RS_Direction
0x0F93       [0]    LCD_EN_Direction
0x0F93       [0]    TRISB5_bit
0x0F93       [0]    TRISB4_bit
0x0F93       [0]    LCD_D6_Direction
0x0F93       [0]    LCD_D7_Direction
0x0F93       [0]    TRISB3_bit
0x0F93       [0]    TRISB0_bit
0x0F93       [1]    TRISB
0x0F93       [0]    TRISB1_bit
0x0F93       [0]    TRISB2_bit
0x0F94       [0]    TRISC7_bit
0x0F94       [0]    TRISC3_bit
0x0F94       [0]    TRISC4_bit
0x0F94       [0]    TRISC6_bit
0x0F94       [0]    Soft_I2C_Sda_Direction
0x0F94       [0]    Soft_I2C_Scl_Direction
0x0F9E       [1]    PIR1
0x0FAB       [1]    RCSTA
0x0FAC       [1]    TXSTA
0x0FAD       [1]    TXREG
0x0FAE       [1]    RCREG
0x0FAF       [1]    SPBRG
0x0FB0       [1]    SPBRGH
0x0FB4       [1]    CMCON
0x0FB8       [1]    BAUDCON
0x0FC1       [1]    ADCON1
0x0FD9       [1]    FSR2L
0x0FDE       [1]    POSTINC2
0x0FE1       [1]    FSR1L
0x0FE6       [1]    POSTINC1
0x0FEF       [1]    INDF0
