0	1	mBPic.exe -MSF -DBG -pP18F2520 -Y -DL -O11111114 -fo8 -N"B:\Internships and jobs\Alex Electronics co\MicroBasic_Pro_for_PIC_codes\RS-485\RS-Slave.mbppi" -SP"C:\Users\Public\Documents\Mikroelektronika\mikroBasic PRO for PIC\Defs\" -SP"C:\Users\Public\Documents\Mikroelektronika\mikroBasic PRO for PIC\uses\P18\" -SP"B:\Internships and jobs\Alex Electronics co\MicroBasic_Pro_for_PIC_codes\RS-485\" "__Lib_Math.mcl" "__Lib_MathDouble.mcl" "__Lib_System.mcl" "__Lib_Delays.mcl" "__Lib_CType.mcl" "__Lib_String.mcl" "__Lib_CStdlib.mcl" "__Lib_MemManager.mcl" "__Lib_Conversions.mcl" "__Lib_Time.mcl" "__Lib_Trigon.mcl" "__Lib_Trigonometry.mcl" "__Lib_Button.mcl" "__Lib_Keypad4x4.mcl" "__Lib_Manchester.mcl" "__Lib_OneWire.mcl" "__Lib_PS2.mcl" "__Lib_Sound.mcl" "__Lib_SoftI2C.mcl" "__Lib_SoftSPI.mcl" "__Lib_SoftUART.mcl" "__Lib_ADC_A_D.mcl" "__Lib_EEPROM_256.mcl" "__Lib_FLASH_w32_e64.mcl" "__Lib_I2C_c34.mcl" "__Lib_PWM_c21.mcl" "__Lib_SPI_c345.mcl" "__Lib_UART_c67.mcl" "__Lib_PortExpander.mcl" "__Lib_CANSPI.mcl" "__Lib_CF.mcl" "__Lib_CFFat16.mcl" "__Lib_GlcdFonts.mcl" "__Lib_Glcd.mcl" "__Lib_LcdConsts.mcl" "__Lib_Lcd.mcl" "__Lib_Mmc.mcl" "__Lib_MmcFat16.mcl" "__Lib_MmcFat16_Defs.mcl" "__Lib_RS485.mcl" "__Lib_S1D13700.mcl" "__Lib_T6963C.mcl" "__Lib_T6963C_Consts.mcl" "__Lib_SPIGlcd.mcl" "__Lib_SPILcd.mcl" "__Lib_SPILcd8.mcl" "__Lib_SPIT6963C.mcl" "__Lib_SPIT6963C_Const.mcl" "__Lib_EthEnc28j60.mcl" "__Lib_TFT.mcl" "__Lib_TFT_Defs.mcl" "__Lib_TFT_16bit.mcl" "__Lib_TFT_16bit_Defs.mcl" "__Lib_TouchPanel_TFT.mcl" "__Lib_EthEnc24j600.mcl" "__Lib_TouchPanel.mcl" "RS-Slave.mbas"	 
diagnostics: 0	155	Available RAM: 1515 [bytes], Available ROM: 32768 [bytes]	 
diagnostics: 0	133	Compilation Started	C:\Users\Public\Documents\Mikroelektronika\mikroBasic PRO for PIC\uses\P18\__Lib_Delays.mbas
hint: 1	1015	Hint: Compiling unit "C:\Users\Public\Documents\Mikroelektronika\mikroBasic PRO for PIC\uses\P18\__Lib_Delays.mbas"	__Lib_Delays.mbas
hint: 171	1010	Hint: Unit "__Lib_Delays.mbas" has been recompiled	__Lib_Delays.mbas
diagnostics: 0	134	Compiled Successfully	C:\Users\Public\Documents\Mikroelektronika\mikroBasic PRO for PIC\uses\P18\__Lib_Delays.mbas
diagnostics: 0	133	Compilation Started	B:\Internships and jobs\Alex Electronics co\MicroBasic_Pro_for_PIC_codes\RS-485\RS-Slave.mbas
hint: 1	1015	Hint: Compiling unit "B:\Internships and jobs\Alex Electronics co\MicroBasic_Pro_for_PIC_codes\RS-485\RS-Slave.mbas"	RS-Slave.mbas
hint: 12	1021	Hint: interrupt handler (interrupt at 0x0008)	RS-Slave.mbas
warning: 20	1506	Warning: Generated baud rate is 9615 bps (error = 0.16 percent)	RS-Slave.mbas
hint: 41	1010	Hint: Unit "RS-Slave.mbas" has been recompiled	RS-Slave.mbas
diagnostics: 0	134	Compiled Successfully	B:\Internships and jobs\Alex Electronics co\MicroBasic_Pro_for_PIC_codes\RS-485\RS-Slave.mbas
diagnostics: 0	139	All files Compiled in 31 ms	 
error: 0	360	Unresolved extern 'TFT_16bit_RS'	__Lib_TFT_16bit_Defs.mbas
error: 0	360	Unresolved extern 'TFT_16bit_DataPort_Lo'	__Lib_TFT_16bit_Defs.mbas
error: 0	360	Unresolved extern 'TFT_16bit_RS'	__Lib_TFT_16bit_Defs.mbas
error: 0	360	Unresolved extern 'TFT_16bit_DataPort_Lo'	__Lib_TFT_16bit_Defs.mbas
error: 0	360	Unresolved extern 'TFT_16bit_WR'	__Lib_TFT_16bit_Defs.mbas
error: 0	360	Unresolved extern 'TFT_CS'	__Lib_TFT_Defs.mbas
error: 0	360	Unresolved extern 'TFT_RD'	__Lib_TFT_Defs.mbas
error: 0	360	Unresolved extern 'TFT_RS'	__Lib_TFT_Defs.mbas
error: 0	360	Unresolved extern 'TFT_DataPort'	__Lib_TFT_Defs.mbas
error: 0	360	Unresolved extern 'TFT_WR'	__Lib_TFT_Defs.mbas
error: 0	360	Unresolved extern 'TFT_WR'	__Lib_TFT_Defs.mbas
error: 0	360	Unresolved extern 'TFT_RS'	__Lib_TFT_Defs.mbas
error: 0	360	Unresolved extern 'TFT_DataPort'	__Lib_TFT_Defs.mbas
error: 0	360	Unresolved extern 'TFT_CS'	__Lib_TFT_Defs.mbas
error: 0	360	Unresolved extern 'TFT_RD'	__Lib_TFT_Defs.mbas
error: 0	360	Unresolved extern 'TFT_RS'	__Lib_TFT_Defs.mbas
error: 0	360	Unresolved extern 'TFT_DataPort'	__Lib_TFT_Defs.mbas
error: 0	360	Unresolved extern 'TFT_WR'	__Lib_TFT_Defs.mbas
error: 0	360	Unresolved extern 'TFT_RS'	__Lib_TFT_Defs.mbas
error: 0	360	Unresolved extern 'TFT_DataPort'	__Lib_TFT_Defs.mbas
error: 0	453	Unsuccessful linking 'RS-Slave.mbppi'	Unsuccessful linking 'RS-Slave.mbppi'
error: 0	102	Finished (with errors): 28 Jul 2023, 01:36:15	RS-Slave.mbppi
