;  LST file generated by mikroListExporter - v.2.0 
; Date/Time: 7/28/2023 12:48:14 AM
;----------------------------------------------

;Address Opcode 	ASM
0x0000	0xF001EFA6  	GOTO        844
_interrupt:
;RS485_Slave_Example.mbas,12 :: 		sub procedure interrupt()
0x0008	0xF016C000  	MOVFF       R0, 22
0x000C	0xF015C001  	MOVFF       R1, 21
;RS485_Slave_Example.mbas,13 :: 		RS485Slave_Receive(dat)
0x0010	0x0E2E      	MOVLW       _dat
0x0012	0x6E47      	MOVWF       FARG_Rs485slave_Receive_data_buffer 
0x0014	0x0E00      	MOVLW       hi_addr(_dat)
0x0016	0x6E48      	MOVWF       FARG_Rs485slave_Receive_data_buffer+1 
0x0018	0xD879      	RCALL       _Rs485slave_Receive
;RS485_Slave_Example.mbas,14 :: 		if UART1_Data_Ready() then
0x001A	0xD80C      	RCALL       _UART1_Data_Ready
0x001C	0x5200      	MOVF        R0, 1 
0x001E	0xE005      	BZ          L__interrupt2
;RS485_Slave_Example.mbas,15 :: 		receivedByte = UART1_Read()  ' Read the byte from UART1
0x0020	0xD810      	RCALL       _UART1_Read
0x0022	0xF044C000  	MOVFF       R0, _receivedByte
;RS485_Slave_Example.mbas,16 :: 		dataReceived = TRUE          ' Set the flag to indicate data is received
0x0026	0x0EFF      	MOVLW       255
0x0028	0x6E45      	MOVWF       _dataReceived 
L__interrupt2:
;RS485_Slave_Example.mbas,18 :: 		end sub
L_end_interrupt:
L__interrupt20:
0x002A	0xF000C016  	MOVFF       22, R0
0x002E	0xF001C015  	MOVFF       21, R1
0x0032	0x0011      	RETFIE      1
; end of _interrupt
_UART1_Data_Ready:
;__Lib_UART_c67.mpas,52 :: 		
;__Lib_UART_c67.mpas,53 :: 		
0x0034	0x0E00      	MOVLW       0
0x0036	0xBA9E      	BTFSC       PIR1, 5 
0x0038	0x0E01      	MOVLW       1
0x003A	0x6E01      	MOVWF       R1 
;__Lib_UART_c67.mpas,54 :: 		
0x003C	0xF000C001  	MOVFF       R1, R0
L_end_UART1_Data_Ready:
0x0040	0x0012      	RETURN      0
; end of _UART1_Data_Ready
_UART1_Read:
;__Lib_UART_c67.mpas,60 :: 		
;__Lib_UART_c67.mpas,61 :: 		
0x0042	0xF002CFAE  	MOVFF       RCREG, R2
;__Lib_UART_c67.mpas,62 :: 		
0x0046	0xA2AB      	BTFSS       RCSTA, 1 
0x0048	0xD002      	BRA         L__UART1_Read9
;__Lib_UART_c67.mpas,64 :: 		
0x004A	0x98AB      	BCF         RCSTA, 4 
;__Lib_UART_c67.mpas,65 :: 		
0x004C	0x88AB      	BSF         RCSTA, 4 
;__Lib_UART_c67.mpas,66 :: 		
L__UART1_Read9:
;__Lib_UART_c67.mpas,67 :: 		
0x004E	0xF001C002  	MOVFF       R2, R1
;__Lib_UART_c67.mpas,68 :: 		
0x0052	0xF000C001  	MOVFF       R1, R0
L_end_UART1_Read:
0x0056	0x0012      	RETURN      0
; end of _UART1_Read
_UART1_TX_Idle:
;__Lib_UART_c67.mpas,73 :: 		
;__Lib_UART_c67.mpas,74 :: 		
0x0058	0x0E00      	MOVLW       0
0x005A	0xB2AC      	BTFSC       TXSTA, 1 
0x005C	0x0E01      	MOVLW       1
0x005E	0x6E01      	MOVWF       R1 
;__Lib_UART_c67.mpas,75 :: 		
0x0060	0xF000C001  	MOVFF       R1, R0
L_end_UART1_TX_Idle:
0x0064	0x0012      	RETURN      0
; end of _UART1_TX_Idle
_____DoIFC:
;__Lib_System.mpas,137 :: 		
;__Lib_System.mpas,139 :: 		
0x0066	0x50F2      	MOVF        INTCON, 0, 0
;__Lib_System.mpas,140 :: 		
0x0068	0x6E02      	MOVWF       R2, 0
;__Lib_System.mpas,142 :: 		
0x006A	0x9EF2      	BCF         INTCON, 7 
;__Lib_System.mpas,144 :: 		
0x006C	0x0005      	PUSH
;__Lib_System.mpas,145 :: 		
0x006E	0x6AFF      	CLRF        TOSU, 0
;__Lib_System.mpas,146 :: 		
0x0070	0x5001      	MOVF        R1, 0, 0
;__Lib_System.mpas,147 :: 		
0x0072	0x6EFE      	MOVWF       TOSH, 0
;__Lib_System.mpas,148 :: 		
0x0074	0x5000      	MOVF        R0, 0, 0
;__Lib_System.mpas,149 :: 		
0x0076	0x6EFD      	MOVWF       TOSL, 0
;__Lib_System.mpas,150 :: 		
0x0078	0xBE02      	BTFSC       R2, 7, 0
;__Lib_System.mpas,151 :: 		
0x007A	0x8EF2      	BSF         INTCON, 7, 0
;__Lib_System.mpas,153 :: 		
L_end_____DoIFC:
0x007C	0x0012      	RETURN      0
; end of _____DoIFC
_UART1_Init:
;__Lib_UART_c67.mpas,34 :: 		
;__Lib_UART_c67.mpas,36 :: 		
0x007E	0x0EFF      	MOVLW       _UART1_Write
0x0080	0x6E23      	MOVWF       _UART_Wr_Ptr 
0x0082	0x0EFF      	MOVLW       hi_addr(_UART1_Write)
0x0084	0x6E24      	MOVWF       _UART_Wr_Ptr+1 
0x0086	0x0EFF      	MOVLW       FARG_UART1_Write_data_
0x0088	0x6E25      	MOVWF       _UART_Wr_Ptr+2 
0x008A	0x0EFF      	MOVLW       hi_addr(FARG_UART1_Write_data_)
0x008C	0x6E26      	MOVWF       _UART_Wr_Ptr+3 
;__Lib_UART_c67.mpas,37 :: 		
0x008E	0x0E42      	MOVLW       _UART1_Read
0x0090	0x6E17      	MOVWF       _UART_Rd_Ptr 
0x0092	0x0E00      	MOVLW       hi_addr(_UART1_Read)
0x0094	0x6E18      	MOVWF       _UART_Rd_Ptr+1 
0x0096	0x0E00      	MOVLW       0
0x0098	0x6E19      	MOVWF       _UART_Rd_Ptr+2 
0x009A	0x0E00      	MOVLW       0
0x009C	0x6E1A      	MOVWF       _UART_Rd_Ptr+3 
;__Lib_UART_c67.mpas,38 :: 		
0x009E	0x0E34      	MOVLW       _UART1_Data_Ready
0x00A0	0x6E1B      	MOVWF       _UART_Rdy_Ptr 
0x00A2	0x0E00      	MOVLW       hi_addr(_UART1_Data_Ready)
0x00A4	0x6E1C      	MOVWF       _UART_Rdy_Ptr+1 
0x00A6	0x0E00      	MOVLW       0
0x00A8	0x6E1D      	MOVWF       _UART_Rdy_Ptr+2 
0x00AA	0x0E00      	MOVLW       0
0x00AC	0x6E1E      	MOVWF       _UART_Rdy_Ptr+3 
;__Lib_UART_c67.mpas,39 :: 		
0x00AE	0x0E58      	MOVLW       _UART1_TX_Idle
0x00B0	0x6E1F      	MOVWF       _UART_TX_Idle_Ptr 
0x00B2	0x0E00      	MOVLW       hi_addr(_UART1_TX_Idle)
0x00B4	0x6E20      	MOVWF       _UART_TX_Idle_Ptr+1 
0x00B6	0x0E00      	MOVLW       0
0x00B8	0x6E21      	MOVWF       _UART_TX_Idle_Ptr+2 
0x00BA	0x0E00      	MOVLW       0
0x00BC	0x6E22      	MOVWF       _UART_TX_Idle_Ptr+3 
;__Lib_UART_c67.mpas,41 :: 		
0x00BE	0x8AAC      	BSF         TXSTA, 5 
;__Lib_UART_c67.mpas,42 :: 		
0x00C0	0x0E90      	MOVLW       144
0x00C2	0x6EAB      	MOVWF       RCSTA 
;__Lib_UART_c67.mpas,43 :: 		
0x00C4	0x8E94      	BSF         TRISC7_bit, BitPos(TRISC7_bit+0) 
;__Lib_UART_c67.mpas,44 :: 		
0x00C6	0x9C94      	BCF         TRISC6_bit, BitPos(TRISC6_bit+0) 
;__Lib_UART_c67.mpas,45 :: 		
L__UART1_Init2:
0x00C8	0xAA9E      	BTFSS       PIR1, 5 
0x00CA	0xD003      	BRA         L__UART1_Init3
;__Lib_UART_c67.mpas,46 :: 		
0x00CC	0xF000CFAE  	MOVFF       RCREG, R0
0x00D0	0xD7FB      	BRA         L__UART1_Init2
L__UART1_Init3:
;__Lib_UART_c67.mpas,47 :: 		
L_end_UART1_Init:
0x00D2	0x0012      	RETURN      0
; end of _UART1_Init
_Rs485slave_Init:
;__Lib_RS485.mpas,51 :: 		
;__Lib_RS485.mpas,52 :: 		
0x00D4	0x9494      	BCF         rs485_rxtx_pin_direction, BitPos(rs485_rxtx_pin_direction+0) 
;__Lib_RS485.mpas,53 :: 		
0x00D6	0x9482      	BCF         rs485_rxtx_pin, BitPos(rs485_rxtx_pin+0) 
;__Lib_RS485.mpas,56 :: 		
0x00D8	0x0E01      	MOVLW       1
0x00DA	0x6E27      	MOVWF       __Lib_RS485_sl_state 
;__Lib_RS485.mpas,57 :: 		
0x00DC	0x6A28      	CLRF        __Lib_RS485_specadr 
;__Lib_RS485.mpas,58 :: 		
0x00DE	0xF029C046  	MOVFF       FARG_Rs485slave_Init_slave_address, __Lib_RS485__sladdress
;__Lib_RS485.mpas,59 :: 		
0x00E2	0x5046      	MOVF        FARG_Rs485slave_Init_slave_address, 0 
0x00E4	0x0A96      	XORLW       150
0x00E6	0x0EFF      	MOVLW       255
0x00E8	0xA4D8      	BTFSS       STATUS, 2 
0x00EA	0x0E00      	MOVLW       0
0x00EC	0x6E01      	MOVWF       R1 
0x00EE	0x5046      	MOVF        FARG_Rs485slave_Init_slave_address, 0 
0x00F0	0x0AA9      	XORLW       169
0x00F2	0x0EFF      	MOVLW       255
0x00F4	0xA4D8      	BTFSS       STATUS, 2 
0x00F6	0x0E00      	MOVLW       0
0x00F8	0x6E00      	MOVWF       R0 
0x00FA	0x5001      	MOVF        R1, 0 
0x00FC	0x1200      	IORWF       R0, 1 
0x00FE	0xE005      	BZ          L__Rs485slave_Init3
;__Lib_RS485.mpas,61 :: 		
0x0100	0x0E01      	MOVLW       1
0x0102	0x1846      	XORWF       FARG_Rs485slave_Init_slave_address, 0 
0x0104	0x6E29      	MOVWF       __Lib_RS485__sladdress 
;__Lib_RS485.mpas,62 :: 		
0x0106	0x0EFF      	MOVLW       255
0x0108	0x6E28      	MOVWF       __Lib_RS485_specadr 
;__Lib_RS485.mpas,63 :: 		
L__Rs485slave_Init3:
;__Lib_RS485.mpas,64 :: 		
L_end_Rs485slave_Init:
0x010A	0x0012      	RETURN      0
; end of _Rs485slave_Init
_Rs485slave_Receive:
;__Lib_RS485.mpas,84 :: 		
;__Lib_RS485.mpas,86 :: 		
0x010C	0xF000C01B  	MOVFF       _UART_Rdy_Ptr, R0
0x0110	0xF001C01C  	MOVFF       _UART_Rdy_Ptr+1, R1
0x0114	0xDFA8      	RCALL       _____DoIFC
0x0116	0x5000      	MOVF        R0, 0 
0x0118	0x0A00      	XORLW       0
0x011A	0xE101      	BNZ         L__Rs485slave_Receive7
;__Lib_RS485.mpas,87 :: 		
0x011C	0xD116      	BRA         L_end__Rs485slave_Receive
L__Rs485slave_Receive7:
;__Lib_RS485.mpas,88 :: 		
0x011E	0xF000C017  	MOVFF       _UART_Rd_Ptr, R0
0x0122	0xF001C018  	MOVFF       _UART_Rd_Ptr+1, R1
0x0126	0xDF9F      	RCALL       _____DoIFC
0x0128	0xF042C000  	MOVFF       R0, __Lib_RS485_rec
;__Lib_RS485.mpas,91 :: 		
0x012C	0x5027      	MOVF        __Lib_RS485_sl_state, 0 
0x012E	0x0A01      	XORLW       1
0x0130	0xE107      	BNZ         L__Rs485slave_Receive12
;__Lib_RS485.mpas,92 :: 		
0x0132	0x5042      	MOVF        __Lib_RS485_rec, 0 
0x0134	0x0A96      	XORLW       150
0x0136	0xE103      	BNZ         L__Rs485slave_Receive14
;__Lib_RS485.mpas,94 :: 		
0x0138	0x0E02      	MOVLW       2
0x013A	0x6E27      	MOVWF       __Lib_RS485_sl_state 
;__Lib_RS485.mpas,95 :: 		
0x013C	0x6A43      	CLRF        __Lib_RS485_crc_is_ok 
;__Lib_RS485.mpas,96 :: 		
L__Rs485slave_Receive14:
;__Lib_RS485.mpas,97 :: 		
0x013E	0xD105      	BRA         L__Rs485slave_Receive9
L__Rs485slave_Receive12:
;__Lib_RS485.mpas,99 :: 		
0x0140	0x5027      	MOVF        __Lib_RS485_sl_state, 0 
0x0142	0x0A02      	XORLW       2
0x0144	0xE119      	BNZ         L__Rs485slave_Receive18
;__Lib_RS485.mpas,100 :: 		
0x0146	0x5042      	MOVF        __Lib_RS485_rec, 0 
0x0148	0x1829      	XORWF       __Lib_RS485__sladdress, 0 
0x014A	0x0EFF      	MOVLW       255
0x014C	0xA4D8      	BTFSS       STATUS, 2 
0x014E	0x0E00      	MOVLW       0
0x0150	0x6E01      	MOVWF       R1 
0x0152	0x5042      	MOVF        __Lib_RS485_rec, 0 
0x0154	0x0A32      	XORLW       50
0x0156	0x0EFF      	MOVLW       255
0x0158	0xA4D8      	BTFSS       STATUS, 2 
0x015A	0x0E00      	MOVLW       0
0x015C	0x6E00      	MOVWF       R0 
0x015E	0x5001      	MOVF        R1, 0 
0x0160	0x1200      	IORWF       R0, 1 
0x0162	0xE007      	BZ          L__Rs485slave_Receive20
;__Lib_RS485.mpas,102 :: 		
0x0164	0x0E03      	MOVLW       3
0x0166	0x6E27      	MOVWF       __Lib_RS485_sl_state 
;__Lib_RS485.mpas,103 :: 		
0x0168	0xF02DC042  	MOVFF       __Lib_RS485_rec, __Lib_RS485__sladr
;__Lib_RS485.mpas,104 :: 		
0x016C	0x5042      	MOVF        __Lib_RS485_rec, 0 
0x016E	0x1A43      	XORWF       __Lib_RS485_crc_is_ok, 1 
;__Lib_RS485.mpas,105 :: 		
0x0170	0xD002      	BRA         L__Rs485slave_Receive21
;__Lib_RS485.mpas,106 :: 		
L__Rs485slave_Receive20:
;__Lib_RS485.mpas,107 :: 		
0x0172	0x0E01      	MOVLW       1
0x0174	0x6E27      	MOVWF       __Lib_RS485_sl_state 
L__Rs485slave_Receive21:
;__Lib_RS485.mpas,108 :: 		
0x0176	0xD0E9      	BRA         L__Rs485slave_Receive9
L__Rs485slave_Receive18:
;__Lib_RS485.mpas,110 :: 		
0x0178	0x5027      	MOVF        __Lib_RS485_sl_state, 0 
0x017A	0x0A03      	XORLW       3
0x017C	0xE12C      	BNZ         L__Rs485slave_Receive24
;__Lib_RS485.mpas,111 :: 		
0x017E	0x5028      	MOVF        __Lib_RS485_specadr, 0 
0x0180	0x0A00      	XORLW       0
0x0182	0xE009      	BZ          L__Rs485slave_Receive26
;__Lib_RS485.mpas,112 :: 		
0x0184	0x0E40      	MOVLW       64
0x0186	0x1442      	ANDWF       __Lib_RS485_rec, 0 
0x0188	0x6E01      	MOVWF       R1 
0x018A	0x5001      	MOVF        R1, 0 
0x018C	0x0A00      	XORLW       0
0x018E	0xE103      	BNZ         L__Rs485slave_Receive29
;__Lib_RS485.mpas,114 :: 		
0x0190	0x0E01      	MOVLW       1
0x0192	0x6E27      	MOVWF       __Lib_RS485_sl_state 
;__Lib_RS485.mpas,115 :: 		
0x0194	0xD0DA      	BRA         L_end__Rs485slave_Receive
;__Lib_RS485.mpas,116 :: 		
L__Rs485slave_Receive29:
L__Rs485slave_Receive26:
;__Lib_RS485.mpas,118 :: 		
0x0196	0xAE42      	BTFSS       __Lib_RS485_rec, 7 
0x0198	0xD013      	BRA         L__Rs485slave_Receive32
;__Lib_RS485.mpas,120 :: 		
0x019A	0x0E04      	MOVLW       4
0x019C	0x6E27      	MOVWF       __Lib_RS485_sl_state 
;__Lib_RS485.mpas,121 :: 		
0x019E	0xF02AC042  	MOVFF       __Lib_RS485_rec, __Lib_RS485_key
;__Lib_RS485.mpas,122 :: 		
0x01A2	0x5042      	MOVF        __Lib_RS485_rec, 0 
0x01A4	0x1A43      	XORWF       __Lib_RS485_crc_is_ok, 1 
;__Lib_RS485.mpas,123 :: 		
0x01A6	0x0E03      	MOVLW       3
0x01A8	0x1442      	ANDWF       __Lib_RS485_rec, 0 
0x01AA	0x6E01      	MOVWF       R1 
0x01AC	0xF02BC001  	MOVFF       R1, __Lib_RS485_datalen
;__Lib_RS485.mpas,124 :: 		
0x01B0	0x5001      	MOVF        R1, 0 
0x01B2	0x0A00      	XORLW       0
0x01B4	0xE102      	BNZ         L__Rs485slave_Receive35
;__Lib_RS485.mpas,125 :: 		
0x01B6	0x0E05      	MOVLW       5
0x01B8	0x6E27      	MOVWF       __Lib_RS485_sl_state 
L__Rs485slave_Receive35:
;__Lib_RS485.mpas,126 :: 		
0x01BA	0x0E01      	MOVLW       1
0x01BC	0x6E2C      	MOVWF       __Lib_RS485_i 
;__Lib_RS485.mpas,127 :: 		
0x01BE	0xD00A      	BRA         L__Rs485slave_Receive33
;__Lib_RS485.mpas,128 :: 		
L__Rs485slave_Receive32:
;__Lib_RS485.mpas,130 :: 		
0x01C0	0x0E05      	MOVLW       5
0x01C2	0x2447      	ADDWF       FARG_Rs485slave_Receive_data_buffer, 0 
0x01C4	0x6EE1      	MOVWF       FSR1L 
0x01C6	0x0E00      	MOVLW       0
0x01C8	0x2048      	ADDWFC      FARG_Rs485slave_Receive_data_buffer+1, 0 
0x01CA	0x6EE2      	MOVWF       FSR1H 
0x01CC	0x0EFF      	MOVLW       255
0x01CE	0x6EE6      	MOVWF       POSTINC1 
;__Lib_RS485.mpas,131 :: 		
0x01D0	0x0E01      	MOVLW       1
0x01D2	0x6E27      	MOVWF       __Lib_RS485_sl_state 
;__Lib_RS485.mpas,132 :: 		
L__Rs485slave_Receive33:
;__Lib_RS485.mpas,133 :: 		
0x01D4	0xD0BA      	BRA         L__Rs485slave_Receive9
L__Rs485slave_Receive24:
;__Lib_RS485.mpas,134 :: 		
0x01D6	0x5027      	MOVF        __Lib_RS485_sl_state, 0 
0x01D8	0x0A04      	XORLW       4
0x01DA	0xE131      	BNZ         L__Rs485slave_Receive39
;__Lib_RS485.mpas,135 :: 		
0x01DC	0x5042      	MOVF        __Lib_RS485_rec, 0 
0x01DE	0x0AA9      	XORLW       169
0x01E0	0xE10B      	BNZ         L__Rs485slave_Receive41
;__Lib_RS485.mpas,137 :: 		
0x01E2	0x0E05      	MOVLW       5
0x01E4	0x2447      	ADDWF       FARG_Rs485slave_Receive_data_buffer, 0 
0x01E6	0x6EE1      	MOVWF       FSR1L 
0x01E8	0x0E00      	MOVLW       0
0x01EA	0x2048      	ADDWFC      FARG_Rs485slave_Receive_data_buffer+1, 0 
0x01EC	0x6EE2      	MOVWF       FSR1H 
0x01EE	0x0EFF      	MOVLW       255
0x01F0	0x6EE6      	MOVWF       POSTINC1 
;__Lib_RS485.mpas,138 :: 		
0x01F2	0x0E01      	MOVLW       1
0x01F4	0x6E27      	MOVWF       __Lib_RS485_sl_state 
;__Lib_RS485.mpas,139 :: 		
0x01F6	0xD0A9      	BRA         L_end__Rs485slave_Receive
;__Lib_RS485.mpas,140 :: 		
L__Rs485slave_Receive41:
;__Lib_RS485.mpas,141 :: 		
0x01F8	0x502C      	MOVF        __Lib_RS485_i, 0 
0x01FA	0x5C2B      	SUBWF       __Lib_RS485_datalen, 0 
0x01FC	0x6E01      	MOVWF       R1 
0x01FE	0x5001      	MOVF        R1, 0 
0x0200	0x0A00      	XORLW       0
0x0202	0xE00E      	BZ          L__Rs485slave_Receive44
;__Lib_RS485.mpas,143 :: 		
0x0204	0x042C      	DECF        __Lib_RS485_i, 0 
0x0206	0x6E00      	MOVWF       R0 
0x0208	0x5000      	MOVF        R0, 0 
0x020A	0x2447      	ADDWF       FARG_Rs485slave_Receive_data_buffer, 0 
0x020C	0x6EE1      	MOVWF       FSR1L 
0x020E	0x0E00      	MOVLW       0
0x0210	0x2048      	ADDWFC      FARG_Rs485slave_Receive_data_buffer+1, 0 
0x0212	0x6EE2      	MOVWF       FSR1H 
0x0214	0xFFE6C042  	MOVFF       __Lib_RS485_rec, POSTINC1
;__Lib_RS485.mpas,144 :: 		
0x0218	0x5042      	MOVF        __Lib_RS485_rec, 0 
0x021A	0x1A43      	XORWF       __Lib_RS485_crc_is_ok, 1 
;__Lib_RS485.mpas,145 :: 		
0x021C	0x2A2C      	INCF        __Lib_RS485_i, 1 
;__Lib_RS485.mpas,146 :: 		
0x021E	0xD00E      	BRA         L__Rs485slave_Receive45
;__Lib_RS485.mpas,147 :: 		
L__Rs485slave_Receive44:
;__Lib_RS485.mpas,149 :: 		
0x0220	0x042C      	DECF        __Lib_RS485_i, 0 
0x0222	0x6E00      	MOVWF       R0 
0x0224	0x5000      	MOVF        R0, 0 
0x0226	0x2447      	ADDWF       FARG_Rs485slave_Receive_data_buffer, 0 
0x0228	0x6EE1      	MOVWF       FSR1L 
0x022A	0x0E00      	MOVLW       0
0x022C	0x2048      	ADDWFC      FARG_Rs485slave_Receive_data_buffer+1, 0 
0x022E	0x6EE2      	MOVWF       FSR1H 
0x0230	0xFFE6C042  	MOVFF       __Lib_RS485_rec, POSTINC1
;__Lib_RS485.mpas,150 :: 		
0x0234	0x0E05      	MOVLW       5
0x0236	0x6E27      	MOVWF       __Lib_RS485_sl_state 
;__Lib_RS485.mpas,151 :: 		
0x0238	0x5042      	MOVF        __Lib_RS485_rec, 0 
0x023A	0x1A43      	XORWF       __Lib_RS485_crc_is_ok, 1 
;__Lib_RS485.mpas,152 :: 		
L__Rs485slave_Receive45:
;__Lib_RS485.mpas,153 :: 		
0x023C	0xD086      	BRA         L__Rs485slave_Receive9
L__Rs485slave_Receive39:
;__Lib_RS485.mpas,154 :: 		
0x023E	0x5027      	MOVF        __Lib_RS485_sl_state, 0 
0x0240	0x0A05      	XORLW       5
0x0242	0xE125      	BNZ         L__Rs485slave_Receive48
;__Lib_RS485.mpas,155 :: 		
0x0244	0x1C43      	COMF        __Lib_RS485_crc_is_ok, 0 
0x0246	0x6E02      	MOVWF       R2 
0x0248	0xF043C002  	MOVFF       R2, __Lib_RS485_crc_is_ok
;__Lib_RS485.mpas,156 :: 		
0x024C	0x5002      	MOVF        R2, 0 
0x024E	0x0A96      	XORLW       150
0x0250	0x0EFF      	MOVLW       255
0x0252	0xA4D8      	BTFSS       STATUS, 2 
0x0254	0x0E00      	MOVLW       0
0x0256	0x6E01      	MOVWF       R1 
0x0258	0x5002      	MOVF        R2, 0 
0x025A	0x0AA9      	XORLW       169
0x025C	0x0EFF      	MOVLW       255
0x025E	0xA4D8      	BTFSS       STATUS, 2 
0x0260	0x0E00      	MOVLW       0
0x0262	0x6E00      	MOVWF       R0 
0x0264	0x5001      	MOVF        R1, 0 
0x0266	0x1200      	IORWF       R0, 1 
0x0268	0xA4D8      	BTFSS       STATUS, 2 
;__Lib_RS485.mpas,157 :: 		
0x026A	0x2A43      	INCF        __Lib_RS485_crc_is_ok, 1 
L__Rs485slave_Receive50:
;__Lib_RS485.mpas,158 :: 		
0x026C	0x5043      	MOVF        __Lib_RS485_crc_is_ok, 0 
0x026E	0x1842      	XORWF       __Lib_RS485_rec, 0 
0x0270	0xE103      	BNZ         L__Rs485slave_Receive53
;__Lib_RS485.mpas,159 :: 		
0x0272	0x0E06      	MOVLW       6
0x0274	0x6E27      	MOVWF       __Lib_RS485_sl_state 
0x0276	0xD00A      	BRA         L__Rs485slave_Receive54
;__Lib_RS485.mpas,160 :: 		
L__Rs485slave_Receive53:
;__Lib_RS485.mpas,162 :: 		
0x0278	0x0E05      	MOVLW       5
0x027A	0x2447      	ADDWF       FARG_Rs485slave_Receive_data_buffer, 0 
0x027C	0x6EE1      	MOVWF       FSR1L 
0x027E	0x0E00      	MOVLW       0
0x0280	0x2048      	ADDWFC      FARG_Rs485slave_Receive_data_buffer+1, 0 
0x0282	0x6EE2      	MOVWF       FSR1H 
0x0284	0x0EFF      	MOVLW       255
0x0286	0x6EE6      	MOVWF       POSTINC1 
;__Lib_RS485.mpas,163 :: 		
0x0288	0x0E01      	MOVLW       1
0x028A	0x6E27      	MOVWF       __Lib_RS485_sl_state 
;__Lib_RS485.mpas,164 :: 		
L__Rs485slave_Receive54:
;__Lib_RS485.mpas,165 :: 		
0x028C	0xD05E      	BRA         L__Rs485slave_Receive9
L__Rs485slave_Receive48:
;__Lib_RS485.mpas,166 :: 		
0x028E	0x5027      	MOVF        __Lib_RS485_sl_state, 0 
0x0290	0x0A06      	XORLW       6
0x0292	0xE14B      	BNZ         L__Rs485slave_Receive57
;__Lib_RS485.mpas,167 :: 		
0x0294	0x5042      	MOVF        __Lib_RS485_rec, 0 
0x0296	0x0AA9      	XORLW       169
0x0298	0xE13D      	BNZ         L__Rs485slave_Receive59
;__Lib_RS485.mpas,169 :: 		
0x029A	0x0E01      	MOVLW       1
0x029C	0x6E27      	MOVWF       __Lib_RS485_sl_state 
;__Lib_RS485.mpas,170 :: 		
0x029E	0x0E04      	MOVLW       4
0x02A0	0x2447      	ADDWF       FARG_Rs485slave_Receive_data_buffer, 0 
0x02A2	0x6EE1      	MOVWF       FSR1L 
0x02A4	0x0E00      	MOVLW       0
0x02A6	0x2048      	ADDWFC      FARG_Rs485slave_Receive_data_buffer+1, 0 
0x02A8	0x6EE2      	MOVWF       FSR1H 
0x02AA	0x0EFF      	MOVLW       255
0x02AC	0x6EE6      	MOVWF       POSTINC1 
;__Lib_RS485.mpas,171 :: 		
0x02AE	0x0E03      	MOVLW       3
0x02B0	0x2447      	ADDWF       FARG_Rs485slave_Receive_data_buffer, 0 
0x02B2	0x6EE1      	MOVWF       FSR1L 
0x02B4	0x0E00      	MOVLW       0
0x02B6	0x2048      	ADDWFC      FARG_Rs485slave_Receive_data_buffer+1, 0 
0x02B8	0x6EE2      	MOVWF       FSR1H 
0x02BA	0xFFE6C02B  	MOVFF       __Lib_RS485_datalen, POSTINC1
;__Lib_RS485.mpas,172 :: 		
0x02BE	0x0E01      	MOVLW       1
0x02C0	0x6E2C      	MOVWF       __Lib_RS485_i 
L__Rs485slave_Receive61:
0x02C2	0x502C      	MOVF        __Lib_RS485_i, 0 
0x02C4	0x5C2B      	SUBWF       __Lib_RS485_datalen, 0 
0x02C6	0xE325      	BNC         L__Rs485slave_Receive65
;__Lib_RS485.mpas,174 :: 		
0x02C8	0xF001C02C  	MOVFF       __Lib_RS485_i, R1
0x02CC	0x0E02      	MOVLW       2
0x02CE	0x6E00      	MOVWF       R0 
0x02D0	0x5001      	MOVF        R1, 0 
L__Rs485slave_Receive189:
0x02D2	0xE004      	BZ          L__Rs485slave_Receive190
0x02D4	0x3600      	RLCF        R0, 1 
0x02D6	0x9000      	BCF         R0, 0 
0x02D8	0x0FFF      	ADDLW       255
0x02DA	0xD7FB      	BRA         L__Rs485slave_Receive189
L__Rs485slave_Receive190:
;__Lib_RS485.mpas,175 :: 		
0x02DC	0x502A      	MOVF        __Lib_RS485_key, 0 
0x02DE	0x1600      	ANDWF       R0, 1 
0x02E0	0xE013      	BZ          L__Rs485slave_Receive67
;__Lib_RS485.mpas,176 :: 		
0x02E2	0x042C      	DECF        __Lib_RS485_i, 0 
0x02E4	0x6E00      	MOVWF       R0 
0x02E6	0x5000      	MOVF        R0, 0 
0x02E8	0x2447      	ADDWF       FARG_Rs485slave_Receive_data_buffer, 0 
0x02EA	0x6EE1      	MOVWF       FSR1L 
0x02EC	0x0E00      	MOVLW       0
0x02EE	0x2048      	ADDWFC      FARG_Rs485slave_Receive_data_buffer+1, 0 
0x02F0	0x6EE2      	MOVWF       FSR1H 
0x02F2	0x5000      	MOVF        R0, 0 
0x02F4	0x2447      	ADDWF       FARG_Rs485slave_Receive_data_buffer, 0 
0x02F6	0x6EE9      	MOVWF       FSR0L 
0x02F8	0x0E00      	MOVLW       0
0x02FA	0x2048      	ADDWFC      FARG_Rs485slave_Receive_data_buffer+1, 0 
0x02FC	0x6EEA      	MOVWF       FSR0H 
0x02FE	0x0E01      	MOVLW       1
0x0300	0x18EE      	XORWF       POSTINC0, 0 
0x0302	0x6E00      	MOVWF       R0 
0x0304	0xFFE6C000  	MOVFF       R0, POSTINC1
L__Rs485slave_Receive67:
;__Lib_RS485.mpas,177 :: 		
0x0308	0x502C      	MOVF        __Lib_RS485_i, 0 
0x030A	0x182B      	XORWF       __Lib_RS485_datalen, 0 
0x030C	0xE002      	BZ          L__Rs485slave_Receive65
0x030E	0x2A2C      	INCF        __Lib_RS485_i, 1 
0x0310	0xD7D8      	BRA         L__Rs485slave_Receive61
L__Rs485slave_Receive65:
;__Lib_RS485.mpas,178 :: 		
0x0312	0xD00A      	BRA         L__Rs485slave_Receive60
;__Lib_RS485.mpas,179 :: 		
L__Rs485slave_Receive59:
;__Lib_RS485.mpas,181 :: 		
0x0314	0x0E05      	MOVLW       5
0x0316	0x2447      	ADDWF       FARG_Rs485slave_Receive_data_buffer, 0 
0x0318	0x6EE1      	MOVWF       FSR1L 
0x031A	0x0E00      	MOVLW       0
0x031C	0x2048      	ADDWFC      FARG_Rs485slave_Receive_data_buffer+1, 0 
0x031E	0x6EE2      	MOVWF       FSR1H 
0x0320	0x0EFF      	MOVLW       255
0x0322	0x6EE6      	MOVWF       POSTINC1 
;__Lib_RS485.mpas,182 :: 		
0x0324	0x0E01      	MOVLW       1
0x0326	0x6E27      	MOVWF       __Lib_RS485_sl_state 
;__Lib_RS485.mpas,183 :: 		
L__Rs485slave_Receive60:
;__Lib_RS485.mpas,184 :: 		
0x0328	0xD010      	BRA         L__Rs485slave_Receive9
L__Rs485slave_Receive57:
;__Lib_RS485.mpas,185 :: 		
0x032A	0x5027      	MOVF        __Lib_RS485_sl_state, 0 
0x032C	0x0A07      	XORLW       7
0x032E	0xE10B      	BNZ         L__Rs485slave_Receive71
;__Lib_RS485.mpas,186 :: 		
0x0330	0x0E05      	MOVLW       5
0x0332	0x2447      	ADDWF       FARG_Rs485slave_Receive_data_buffer, 0 
0x0334	0x6EE1      	MOVWF       FSR1L 
0x0336	0x0E00      	MOVLW       0
0x0338	0x2048      	ADDWFC      FARG_Rs485slave_Receive_data_buffer+1, 0 
0x033A	0x6EE2      	MOVWF       FSR1H 
0x033C	0x0EFF      	MOVLW       255
0x033E	0x6EE6      	MOVWF       POSTINC1 
;__Lib_RS485.mpas,187 :: 		
0x0340	0x0E01      	MOVLW       1
0x0342	0x6E27      	MOVWF       __Lib_RS485_sl_state 
;__Lib_RS485.mpas,189 :: 		
0x0344	0xD002      	BRA         L__Rs485slave_Receive9
L__Rs485slave_Receive71:
;__Lib_RS485.mpas,190 :: 		
0x0346	0x0E01      	MOVLW       1
0x0348	0x6E27      	MOVWF       __Lib_RS485_sl_state 
L__Rs485slave_Receive9:
;__Lib_RS485.mpas,192 :: 		
L_end__Rs485slave_Receive:
L_end_Rs485slave_Receive:
0x034A	0x0012      	RETURN      0
; end of _Rs485slave_Receive
_main:
;RS485_Slave_Example.mbas,20 :: 		main:
;RS485_Slave_Example.mbas,21 :: 		UART1_Init(9600)                ' initialize UART1 module
0x034C	0x86B8      	BSF         BAUDCON, 3, 0
0x034E	0x6AB0      	CLRF        SPBRGH 
0x0350	0x0ECF      	MOVLW       207
0x0352	0x6EAF      	MOVWF       SPBRG 
0x0354	0x84AC      	BSF         TXSTA, 2, 0
0x0356	0xDE93      	RCALL       _UART1_Init
;RS485_Slave_Example.mbas,22 :: 		Delay_ms(100)
0x0358	0x0E02      	MOVLW       2
0x035A	0x6E0B      	MOVWF       R11, 0
0x035C	0x0E04      	MOVLW       4
0x035E	0x6E0C      	MOVWF       R12, 0
0x0360	0x0EBA      	MOVLW       186
0x0362	0x6E0D      	MOVWF       R13, 0
L__main5:
0x0364	0x2E0D      	DECFSZ      R13, 1, 0
0x0366	0xD7FE      	BRA         L__main5
0x0368	0x2E0C      	DECFSZ      R12, 1, 0
0x036A	0xD7FC      	BRA         L__main5
0x036C	0x2E0B      	DECFSZ      R11, 1, 0
0x036E	0xD7FA      	BRA         L__main5
0x0370	0x0000      	NOP
;RS485_Slave_Example.mbas,23 :: 		RS485Slave_Init(160)           ' Initialize MCU as slave, address 160
0x0372	0x0EA0      	MOVLW       160
0x0374	0x6E46      	MOVWF       FARG_Rs485slave_Init_slave_address 
0x0376	0xDEAE      	RCALL       _Rs485slave_Init
;RS485_Slave_Example.mbas,24 :: 		TRISB = 0x00                   ' Set PORTB as output
0x0378	0x6A93      	CLRF        TRISB 
;RS485_Slave_Example.mbas,25 :: 		dataReceived = TRUE
0x037A	0x0EFF      	MOVLW       255
0x037C	0x6E45      	MOVWF       _dataReceived 
;RS485_Slave_Example.mbas,26 :: 		receivedByte = 1
0x037E	0x0E01      	MOVLW       1
0x0380	0x6E44      	MOVWF       _receivedByte 
;RS485_Slave_Example.mbas,27 :: 		RCIE_bit = 1                   ' enable interrupt on UART1 receive
0x0382	0x8A9D      	BSF         RCIE_bit, BitPos(RCIE_bit+0) 
;RS485_Slave_Example.mbas,28 :: 		TXIE_bit = 0                   ' disable interrupt on UART1 transmit
0x0384	0x989D      	BCF         TXIE_bit, BitPos(TXIE_bit+0) 
;RS485_Slave_Example.mbas,29 :: 		PEIE_bit = 1                   ' enable peripheral interrupts
0x0386	0x8CF2      	BSF         PEIE_bit, BitPos(PEIE_bit+0) 
;RS485_Slave_Example.mbas,30 :: 		GIE_bit = 1                    ' enable all interrupts
0x0388	0x8EF2      	BSF         GIE_bit, BitPos(GIE_bit+0) 
;RS485_Slave_Example.mbas,32 :: 		while (TRUE)
L__main7:
;RS485_Slave_Example.mbas,33 :: 		if(dataReceived) then
0x038A	0x5245      	MOVF        _dataReceived, 1 
0x038C	0xE023      	BZ          L__main12
;RS485_Slave_Example.mbas,34 :: 		dataReceived = false   ' Reset the flag
0x038E	0x6A45      	CLRF        _dataReceived 
;RS485_Slave_Example.mbas,36 :: 		if(receivedByte = 1) then
0x0390	0x5044      	MOVF        _receivedByte, 0 
0x0392	0x0A01      	XORLW       1
0x0394	0xE110      	BNZ         L__main15
;RS485_Slave_Example.mbas,37 :: 		PORTB.0 = 1
0x0396	0x8081      	BSF         PORTB, 0 
;RS485_Slave_Example.mbas,38 :: 		Delay_ms(1000)
0x0398	0x0E0B      	MOVLW       11
0x039A	0x6E0B      	MOVWF       R11, 0
0x039C	0x0E26      	MOVLW       38
0x039E	0x6E0C      	MOVWF       R12, 0
0x03A0	0x0E5D      	MOVLW       93
0x03A2	0x6E0D      	MOVWF       R13, 0
L__main17:
0x03A4	0x2E0D      	DECFSZ      R13, 1, 0
0x03A6	0xD7FE      	BRA         L__main17
0x03A8	0x2E0C      	DECFSZ      R12, 1, 0
0x03AA	0xD7FC      	BRA         L__main17
0x03AC	0x2E0B      	DECFSZ      R11, 1, 0
0x03AE	0xD7FA      	BRA         L__main17
0x03B0	0x0000      	NOP
0x03B2	0x0000      	NOP
0x03B4	0xD00F      	BRA         L__main16
;RS485_Slave_Example.mbas,39 :: 		else
L__main15:
;RS485_Slave_Example.mbas,40 :: 		PORTB.0 = 0
0x03B6	0x9081      	BCF         PORTB, 0 
;RS485_Slave_Example.mbas,41 :: 		Delay_ms(1000)
0x03B8	0x0E0B      	MOVLW       11
0x03BA	0x6E0B      	MOVWF       R11, 0
0x03BC	0x0E26      	MOVLW       38
0x03BE	0x6E0C      	MOVWF       R12, 0
0x03C0	0x0E5D      	MOVLW       93
0x03C2	0x6E0D      	MOVWF       R13, 0
L__main18:
0x03C4	0x2E0D      	DECFSZ      R13, 1, 0
0x03C6	0xD7FE      	BRA         L__main18
0x03C8	0x2E0C      	DECFSZ      R12, 1, 0
0x03CA	0xD7FC      	BRA         L__main18
0x03CC	0x2E0B      	DECFSZ      R11, 1, 0
0x03CE	0xD7FA      	BRA         L__main18
0x03D0	0x0000      	NOP
0x03D2	0x0000      	NOP
;RS485_Slave_Example.mbas,42 :: 		end if
L__main16:
L__main12:
;RS485_Slave_Example.mbas,46 :: 		wend
0x03D4	0xD7DA      	BRA         L__main7
L_end_main:
0x03D6	0xD7FF      	BRA         $+0
; end of _main
Symbol List:
//** Routines locations **
//ADDRESS    SIZE    PROCEDURE
//----------------------------------------------
0x0008      [44]    _interrupt
0x0034      [14]    _UART1_Data_Ready
0x0042      [22]    _UART1_Read
0x0058      [14]    _UART1_TX_Idle
0x0066      [24]    _____DoIFC
0x007E      [86]    _UART1_Init
0x00D4      [56]    _Rs485slave_Init
0x010C     [576]    _Rs485slave_Receive
0x034C     [140]    _main
//** Variables locations ** 
//ADDRESS    SIZE    VARIABLE
//----------------------------------------------
0x0000       [1]    R0
0x0000       [1]    EEPROM_Write_SaveINTCON
0x0000       [1]    PutZerosToLATSda_temp_sda
0x0000       [1]    FLASH_Erase_64_SaveINTCON
0x0000       [1]    PutZerosToLATScl_temp_scl
0x0000       [1]    SPI1_Write_tmp
0x0000       [1]    UART1_Init_tmp
0x0001       [1]    Mmc_Fat_EOF_local_result
0x0001       [1]    Is_TFT_Set_local_result
0x0001       [1]    Is_SSD1963_Set_local_result
0x0001       [1]    JPEG_ToSignedCharRange_local_result
0x0001       [1]    Is_TFT_16bit_Rotated_180_local_result
0x0001       [1]    UART1_Read_local_result
0x0001       [1]    FLASH_Erase_Write_64_cnt1
0x0001       [2]    strcat_ptr1
0x0001       [1]    EEPROM_Read_local_result
0x0001       [1]    UART1_TX_Idle_local_result
0x0001       [1]    JPEG_ToSignedCharRange_local_result
0x0001       [2]    strncpy_ptr1
0x0001       [1]    closeDir_local_result
0x0001       [1]    JPEG_ToCharRange_local_result
0x0001       [1]    I2C1_Wr_local_result
0x0001       [1]    I2C1_Rd_local_result
0x0001       [1]    Is_TFT_16bit_Set_local_result
0x0001       [1]    JPEG_FileReadBytes_local_result
0x0001       [2]    strcat2_ptrl1
0x0001       [2]    strcpy_ptr1
0x0001       [1]    R1
0x0001       [1]    Clock_Wait_High_local_result
0x0001       [2]    memset_chptr
0x0001       [1]    FLASH_Write_32_counter
0x0001       [1]    JPEG_FileReadBytes_local_result
0x0001       [2]    ltrim_ptr1
0x0001       [1]    FLASH_Read_local_result
0x0001       [2]    memcpy_chptr1
0x0001       [2]    FLASH_Read_N_Bytes_counter
0x0001       [1]    Is_TFT_Rotated_180_local_result
0x0001       [2]    strncat2_ptr1
0x0001       [1]    SPI1_Read_local_result
0x0001       [1]    Cf_Detect_local_result
0x0001       [1]    MM_error_local_result
0x0001       [1]    JPEG_ToCharRange_local_result
0x0001       [1]    UART1_Data_Ready_local_result
0x0001       [1]    Is_SSD1963_16bit_Set_local_result
0x0002       [2]    strstr_local_result
0x0002       [2]    memchr_local_result
0x0002       [1]    FLASH_Write_32_SaveINTCON
0x0002       [1]    I2C1_Is_Idle_local_result
0x0002       [2]    SPI_Ethernet_24j600_getIpAddress_local_result
0x0002       [2]    SPI_Ethernet_24j600_getGwIpAddress_local_result
0x0002       [2]    SPI_Ethernet_24j600_getIpMask_local_result
0x0002       [2]    SPI_Ethernet_24j600_getDnsIpAddress_local_result
0x0002       [1]    Clock_Wait_Low_local_result
0x0002       [1]    Wait_Falling_local_result
0x0002       [1]    JPEG_FileRead_i
0x0002       [1]    FLASH_Erase_Write_64_cnt2
0x0002       [2]    memcmp_local_result
0x0002       [2]    f16_toInt_local_result
0x0002       [1]    R2
0x0002       [1]    islower_local_result
0x0002       [1]    JPEG_FileRead_i
0x0002       [2]    strlen_local_result
0x0002       [1]    isdigit_local_result
0x0002       [1]    iscntrl_local_result
0x0002       [1]    UART1_Read_tmp
0x0002       [2]    max_local_result
0x0002       [2]    strncat_ptr1
0x0002       [2]    abs_local_result
0x0002       [2]    T6963C_WaitReady_ptr
0x0002       [1]    isupper_local_result
0x0002       [1]    ispunct_local_result
0x0002       [2]    constToVar_local_result
0x0002       [1]    toupper_local_result
0x0002       [2]    strchr_local_result
0x0002       [1]    tolower_local_result
0x0002       [2]    Length_local_result
0x0002       [2]    SPI_Ethernet_getGwIpAddress_local_result
0x0002       [2]    SPI_Ethernet_getIpAddress_local_result
0x0002       [2]    SPI_Ethernet_getDnsIpAddress_local_result
0x0002       [2]    min_local_result
0x0002       [2]    SPI_Ethernet_getIpMask_local_result
0x0003       [1]    FLASH_Erase_Write_64_SaveINTCON
0x0003       [2]    ltrim_ptr2
0x0003       [2]    strcmp_local_result
0x0003       [2]    memcpy_chptr2
0x0003       [1]    MM_Init_i
0x0003       [2]    strncpy_ptr2
0x0003       [1]    Wait_Falling_osample
0x0003       [1]    isspace_local_result
0x0003       [2]    strncat2_ptr2
0x0003       [2]    strcat_ptr2
0x0003       [2]    MM_TotalFreeMemSize_local_result
0x0003       [1]    R3
0x0003       [2]    strcat2_ptr1
0x0003       [2]    MM_CheckBlocks_local_result
0x0003       [2]    strcpy_ptr2
0x0004       [4]    f16_toLong_local_result
0x0004       [2]    strncat_ptr2
0x0004       [4]    Cf_Fat_Get_File_Size_local_result
0x0004       [2]    strlen_ptr
0x0004       [2]    strstr_i
0x0004       [2]    Length_ptr
0x0004       [1]    Wait_Falling_nsample
0x0004       [2]    memchr_chptr
0x0004       [4]    Get_Fosc_kHz_local_result
0x0004       [1]    Ps2_Get_Value_local_result
0x0004       [4]    Mmc_Fat_Tell_local_result
0x0004       [2]    strchr_ptr
0x0004       [4]    labs_local_result
0x0004       [4]    Mmc_Fat_Get_File_Size_local_result
0x0004       [1]    R4
0x0004       [2]    memcmp_chptr1
0x0004       [2]    strncmp_local_result
0x0004       [2]    memmove_chptr1
0x0004       [4]    frexp_local_result
0x0005       [2]    LongWordToHex_input_half
0x0005       [1]    Ps2_Get_Value_rslt
0x0005       [2]    LongIntToHex_input_half
0x0005       [2]    strcmp_ptr1
0x0005       [1]    R5
0x0005       [1]    GetMemAlign_i
0x0005       [2]    strcat2_ptr2
0x0005       [1]    MM_TotalFreeMemSize_i
0x0005       [1]    Wait_Falling_i
0x0006       [1]    strncmp_ch1
0x0006       [1]    R6
0x0006       [2]    TFT_16bit_RGBToColor16bit_local_result
0x0006       [2]    memmove_chptr2
0x0006       [2]    memcmp_chptr2
0x0006       [2]    TFT_RGBToColor16bit_local_result
0x0006       [2]    strstr_j
0x0007       [2]    strcmp_ptr2
0x0007       [1]    strncmp_ch2
0x0007       [1]    R7
0x0008       [2]    strncmp_ptr1
0x0008       [1]    JPEG_GenerateHuffmanTables_local_result
0x0008       [1]    R8
0x0008       [2]    strstr_k
0x0008       [1]    JPEG_GenerateHuffmanTables_local_result
0x0009       [4]    JPEG_UnscaleValue_local_result
0x0009       [4]    JPEG_UnscaleValue_local_result
0x0009       [1]    JPEG_GenerateHuffmanTables_bLength
0x0009       [1]    JPEG_GenerateHuffmanTables_bLength
0x0009       [1]    R9
0x000A       [1]    R10
0x000A       [2]    strncmp_ptr2
0x000A       [1]    strstr_aa
0x000A       [1]    JPEG_GenerateHuffmanTables_bTable
0x000A       [1]    JPEG_GenerateHuffmanTables_bTable
0x000B       [1]    R11
0x000B       [1]    strstr_bb
0x000C       [1]    R12
0x000D       [1]    R13
0x000E       [1]    R14
0x000F       [1]    R15
0x0010       [1]    R16
0x0011       [1]    R17
0x0012       [1]    R18
0x0013       [1]    R19
0x0014       [1]    R20
0x0017       [4]    _UART_Rd_Ptr
0x001B       [4]    _UART_Rdy_Ptr
0x001F       [4]    _UART_TX_Idle_Ptr
0x0023       [4]    _UART_Wr_Ptr
0x0027       [1]    __Lib_RS485_sl_state
0x0028       [1]    __Lib_RS485_specadr
0x0029       [1]    __Lib_RS485__sladdress
0x002A       [1]    __Lib_RS485_key
0x002B       [1]    __Lib_RS485_datalen
0x002C       [1]    __Lib_RS485_i
0x002D       [1]    __Lib_RS485__sladr
0x002E      [20]    _dat
0x0042       [1]    __Lib_RS485_rec
0x0043       [1]    __Lib_RS485_crc_is_ok
0x0044       [1]    _receivedByte
0x0045       [1]    _dataReceived
0x0046       [1]    FARG_Rs485slave_Init_slave_address
0x0047       [2]    FARG_Rs485slave_Receive_data_buffer
0x0F81       [1]    PORTB
0x0F82       [0]    rs485_rxtx_pin
0x0F82       [0]    RC2_bit
0x0F93       [1]    TRISB
0x0F94       [0]    TRISC7_bit
0x0F94       [0]    rs485_rxtx_pin_direction
0x0F94       [0]    TRISC6_bit
0x0F94       [0]    TRISC2_bit
0x0F9D       [0]    TXIE_bit
0x0F9D       [0]    RCIE_bit
0x0F9E       [1]    PIR1
0x0FAB       [1]    RCSTA
0x0FAC       [1]    TXSTA
0x0FAE       [1]    RCREG
0x0FAF       [1]    SPBRG
0x0FB0       [1]    SPBRGH
0x0FB8       [1]    BAUDCON
0x0FF2       [0]    PEIE_bit
0x0FF2       [1]    INTCON
0x0FF2       [0]    GIE_bit
0x0FFD       [1]    TOSL
0x0FFE       [1]    TOSH
0x0FFF       [1]    TOSU
