;  LST file generated by mikroListExporter - v.2.0 
; Date/Time: 7/25/2023 3:55:15 PM
;----------------------------------------------

;Address Opcode 	ASM
0x0000	0xF000EFEB  	GOTO        470
0x0004	0x0000      	NOP
0x0006	0x0000      	NOP
0x0008	0xF000EF00  	GOTO        0
0x000C	0x0000      	NOP
0x000E	0x0000      	NOP
0x0010	0x0000      	NOP
0x0012	0x0000      	NOP
0x0014	0x0000      	NOP
0x0016	0x0000      	NOP
0x0018	0xD7F3      	BRA         0
_Delay_1us:
;__Lib_Delays.mbas,29 :: 		sub procedure Delay_1us()
;__Lib_Delays.mbas,30 :: 		Delay_us(1)
0x001C	0x0000      	NOP
0x001E	0x0000      	NOP
;__Lib_Delays.mbas,31 :: 		end sub
L_end_Delay_1us:
0x0020	0x0012      	RETURN      0
; end of _Delay_1us
_Delay_5500us:
;__Lib_Delays.mbas,53 :: 		sub procedure Delay_5500us()
;__Lib_Delays.mbas,54 :: 		Delay_us(5500)
0x0022	0x0E0F      	MOVLW       15
0x0024	0x6E0C      	MOVWF       R12, 0
0x0026	0x0E47      	MOVLW       71
0x0028	0x6E0D      	MOVWF       R13, 0
L__Delay_5500us13:
0x002A	0x2E0D      	DECFSZ      R13, 1, 0
0x002C	0xD7FE      	BRA         L__Delay_5500us13
0x002E	0x2E0C      	DECFSZ      R12, 1, 0
0x0030	0xD7FC      	BRA         L__Delay_5500us13
0x0032	0x0000      	NOP
0x0034	0x0000      	NOP
;__Lib_Delays.mbas,55 :: 		end sub
L_end_Delay_5500us:
0x0036	0x0012      	RETURN      0
; end of _Delay_5500us
_Delay_50us:
;__Lib_Delays.mbas,41 :: 		sub procedure Delay_50us()
;__Lib_Delays.mbas,42 :: 		Delay_us(50)
0x0038	0x0E21      	MOVLW       33
0x003A	0x6E0D      	MOVWF       R13, 0
L__Delay_50us7:
0x003C	0x2E0D      	DECFSZ      R13, 1, 0
0x003E	0xD7FE      	BRA         L__Delay_50us7
;__Lib_Delays.mbas,43 :: 		end sub
L_end_Delay_50us:
0x0040	0x0012      	RETURN      0
; end of _Delay_50us
_Lcd_Cmd:
;__Lib_Lcd.mpas,33 :: 		
;__Lib_Lcd.mpas,34 :: 		
0x0042	0xBE20      	BTFSC       FARG_Lcd_Cmd_out_char, 7 
0x0044	0xD002      	BRA         L__Lcd_Cmd46
0x0046	0x9A81      	BCF         LCD_D7, BitPos(LCD_D7+0) 
0x0048	0xD001      	BRA         L__Lcd_Cmd47
L__Lcd_Cmd46:
0x004A	0x8A81      	BSF         LCD_D7, BitPos(LCD_D7+0) 
L__Lcd_Cmd47:
;__Lib_Lcd.mpas,35 :: 		
0x004C	0xBC20      	BTFSC       FARG_Lcd_Cmd_out_char, 6 
0x004E	0xD002      	BRA         L__Lcd_Cmd48
0x0050	0x9881      	BCF         LCD_D6, BitPos(LCD_D6+0) 
0x0052	0xD001      	BRA         L__Lcd_Cmd49
L__Lcd_Cmd48:
0x0054	0x8881      	BSF         LCD_D6, BitPos(LCD_D6+0) 
L__Lcd_Cmd49:
;__Lib_Lcd.mpas,36 :: 		
0x0056	0xBA20      	BTFSC       FARG_Lcd_Cmd_out_char, 5 
0x0058	0xD002      	BRA         L__Lcd_Cmd50
0x005A	0x9681      	BCF         LCD_D5, BitPos(LCD_D5+0) 
0x005C	0xD001      	BRA         L__Lcd_Cmd51
L__Lcd_Cmd50:
0x005E	0x8681      	BSF         LCD_D5, BitPos(LCD_D5+0) 
L__Lcd_Cmd51:
;__Lib_Lcd.mpas,37 :: 		
0x0060	0xB820      	BTFSC       FARG_Lcd_Cmd_out_char, 4 
0x0062	0xD002      	BRA         L__Lcd_Cmd52
0x0064	0x9481      	BCF         LCD_D4, BitPos(LCD_D4+0) 
0x0066	0xD001      	BRA         L__Lcd_Cmd53
L__Lcd_Cmd52:
0x0068	0x8481      	BSF         LCD_D4, BitPos(LCD_D4+0) 
L__Lcd_Cmd53:
;__Lib_Lcd.mpas,39 :: 		
0x006A	0xB015      	BTFSC       __Lib_Lcd_cmd_status, BitPos(__Lib_Lcd_cmd_status+0) 
0x006C	0xD002      	BRA         L__Lcd_Cmd54
0x006E	0x8081      	BSF         LCD_RS, BitPos(LCD_RS+0) 
0x0070	0xD001      	BRA         L__Lcd_Cmd55
L__Lcd_Cmd54:
0x0072	0x9081      	BCF         LCD_RS, BitPos(LCD_RS+0) 
L__Lcd_Cmd55:
;__Lib_Lcd.mpas,42 :: 		
0x0074	0x8281      	BSF         LCD_EN, BitPos(LCD_EN+0) 
;__Lib_Lcd.mpas,43 :: 		
0x0076	0xDFD2      	RCALL       _Delay_1us
;__Lib_Lcd.mpas,44 :: 		
0x0078	0x9281      	BCF         LCD_EN, BitPos(LCD_EN+0) 
;__Lib_Lcd.mpas,47 :: 		
0x007A	0xB620      	BTFSC       FARG_Lcd_Cmd_out_char, 3 
0x007C	0xD002      	BRA         L__Lcd_Cmd56
0x007E	0x9A81      	BCF         LCD_D7, BitPos(LCD_D7+0) 
0x0080	0xD001      	BRA         L__Lcd_Cmd57
L__Lcd_Cmd56:
0x0082	0x8A81      	BSF         LCD_D7, BitPos(LCD_D7+0) 
L__Lcd_Cmd57:
;__Lib_Lcd.mpas,48 :: 		
0x0084	0xB420      	BTFSC       FARG_Lcd_Cmd_out_char, 2 
0x0086	0xD002      	BRA         L__Lcd_Cmd58
0x0088	0x9881      	BCF         LCD_D6, BitPos(LCD_D6+0) 
0x008A	0xD001      	BRA         L__Lcd_Cmd59
L__Lcd_Cmd58:
0x008C	0x8881      	BSF         LCD_D6, BitPos(LCD_D6+0) 
L__Lcd_Cmd59:
;__Lib_Lcd.mpas,49 :: 		
0x008E	0xB220      	BTFSC       FARG_Lcd_Cmd_out_char, 1 
0x0090	0xD002      	BRA         L__Lcd_Cmd60
0x0092	0x9681      	BCF         LCD_D5, BitPos(LCD_D5+0) 
0x0094	0xD001      	BRA         L__Lcd_Cmd61
L__Lcd_Cmd60:
0x0096	0x8681      	BSF         LCD_D5, BitPos(LCD_D5+0) 
L__Lcd_Cmd61:
;__Lib_Lcd.mpas,50 :: 		
0x0098	0xB020      	BTFSC       FARG_Lcd_Cmd_out_char, 0 
0x009A	0xD002      	BRA         L__Lcd_Cmd62
0x009C	0x9481      	BCF         LCD_D4, BitPos(LCD_D4+0) 
0x009E	0xD001      	BRA         L__Lcd_Cmd63
L__Lcd_Cmd62:
0x00A0	0x8481      	BSF         LCD_D4, BitPos(LCD_D4+0) 
L__Lcd_Cmd63:
;__Lib_Lcd.mpas,52 :: 		
0x00A2	0xB015      	BTFSC       __Lib_Lcd_cmd_status, BitPos(__Lib_Lcd_cmd_status+0) 
0x00A4	0xD002      	BRA         L__Lcd_Cmd64
0x00A6	0x8081      	BSF         LCD_RS, BitPos(LCD_RS+0) 
0x00A8	0xD001      	BRA         L__Lcd_Cmd65
L__Lcd_Cmd64:
0x00AA	0x9081      	BCF         LCD_RS, BitPos(LCD_RS+0) 
L__Lcd_Cmd65:
;__Lib_Lcd.mpas,54 :: 		
0x00AC	0x8281      	BSF         LCD_EN, BitPos(LCD_EN+0) 
;__Lib_Lcd.mpas,55 :: 		
0x00AE	0xDFB6      	RCALL       _Delay_1us
;__Lib_Lcd.mpas,56 :: 		
0x00B0	0x9281      	BCF         LCD_EN, BitPos(LCD_EN+0) 
;__Lib_Lcd.mpas,58 :: 		
0x00B2	0xA015      	BTFSS       __Lib_Lcd_cmd_status, BitPos(__Lib_Lcd_cmd_status+0) 
0x00B4	0xD002      	BRA         L__Lcd_Cmd2
;__Lib_Lcd.mpas,59 :: 		
0x00B6	0xDFB5      	RCALL       _Delay_5500us
0x00B8	0xD001      	BRA         L__Lcd_Cmd3
;__Lib_Lcd.mpas,60 :: 		
L__Lcd_Cmd2:
;__Lib_Lcd.mpas,61 :: 		
0x00BA	0xDFBE      	RCALL       _Delay_50us
L__Lcd_Cmd3:
;__Lib_Lcd.mpas,62 :: 		
L_end_Lcd_Cmd:
0x00BC	0x0012      	RETURN      0
; end of _Lcd_Cmd
_Lcd_Chr_CP:
;__Lib_Lcd.mpas,65 :: 		
;__Lib_Lcd.mpas,66 :: 		
0x00BE	0x9015      	BCF         __Lib_Lcd_cmd_status, BitPos(__Lib_Lcd_cmd_status+0) 
;__Lib_Lcd.mpas,67 :: 		
0x00C0	0xF020C01F  	MOVFF       FARG_Lcd_Chr_CP_Out_Char, FARG_Lcd_Cmd_out_char
0x00C4	0xDFBE      	RCALL       _Lcd_Cmd
;__Lib_Lcd.mpas,68 :: 		
0x00C6	0x8015      	BSF         __Lib_Lcd_cmd_status, BitPos(__Lib_Lcd_cmd_status+0) 
;__Lib_Lcd.mpas,69 :: 		
L_end_Lcd_Chr_CP:
0x00C8	0x0012      	RETURN      0
; end of _Lcd_Chr_CP
_Lcd_Init:
;__Lib_Lcd.mpas,104 :: 		
;__Lib_Lcd.mpas,106 :: 		
0x00CA	0x9293      	BCF         LCD_EN_Direction, BitPos(LCD_EN_Direction+0) 
;__Lib_Lcd.mpas,107 :: 		
0x00CC	0x9093      	BCF         LCD_RS_Direction, BitPos(LCD_RS_Direction+0) 
;__Lib_Lcd.mpas,108 :: 		
0x00CE	0x9493      	BCF         LCD_D4_Direction, BitPos(LCD_D4_Direction+0) 
;__Lib_Lcd.mpas,109 :: 		
0x00D0	0x9693      	BCF         LCD_D5_Direction, BitPos(LCD_D5_Direction+0) 
;__Lib_Lcd.mpas,110 :: 		
0x00D2	0x9893      	BCF         LCD_D6_Direction, BitPos(LCD_D6_Direction+0) 
;__Lib_Lcd.mpas,111 :: 		
0x00D4	0x9A93      	BCF         LCD_D7_Direction, BitPos(LCD_D7_Direction+0) 
;__Lib_Lcd.mpas,113 :: 		
0x00D6	0x9281      	BCF         LCD_EN, BitPos(LCD_EN+0) 
;__Lib_Lcd.mpas,114 :: 		
0x00D8	0x9081      	BCF         LCD_RS, BitPos(LCD_RS+0) 
;__Lib_Lcd.mpas,115 :: 		
0x00DA	0x9A81      	BCF         LCD_D7, BitPos(LCD_D7+0) 
;__Lib_Lcd.mpas,116 :: 		
0x00DC	0x9881      	BCF         LCD_D6, BitPos(LCD_D6+0) 
;__Lib_Lcd.mpas,117 :: 		
0x00DE	0x9681      	BCF         LCD_D5, BitPos(LCD_D5+0) 
;__Lib_Lcd.mpas,118 :: 		
0x00E0	0x9481      	BCF         LCD_D4, BitPos(LCD_D4+0) 
;__Lib_Lcd.mpas,120 :: 		
0x00E2	0xDF9F      	RCALL       _Delay_5500us
;__Lib_Lcd.mpas,121 :: 		
0x00E4	0xDF9E      	RCALL       _Delay_5500us
;__Lib_Lcd.mpas,122 :: 		
0x00E6	0xDF9D      	RCALL       _Delay_5500us
;__Lib_Lcd.mpas,125 :: 		
0x00E8	0x8681      	BSF         LCD_D5, BitPos(LCD_D5+0) 
;__Lib_Lcd.mpas,126 :: 		
0x00EA	0x8481      	BSF         LCD_D4, BitPos(LCD_D4+0) 
;__Lib_Lcd.mpas,127 :: 		
0x00EC	0x8281      	BSF         LCD_EN, BitPos(LCD_EN+0) 
;__Lib_Lcd.mpas,128 :: 		
0x00EE	0xDF96      	RCALL       _Delay_1us
;__Lib_Lcd.mpas,129 :: 		
0x00F0	0x9281      	BCF         LCD_EN, BitPos(LCD_EN+0) 
;__Lib_Lcd.mpas,130 :: 		
0x00F2	0xDF97      	RCALL       _Delay_5500us
;__Lib_Lcd.mpas,132 :: 		
0x00F4	0x8281      	BSF         LCD_EN, BitPos(LCD_EN+0) 
;__Lib_Lcd.mpas,133 :: 		
0x00F6	0xDF92      	RCALL       _Delay_1us
;__Lib_Lcd.mpas,134 :: 		
0x00F8	0x9281      	BCF         LCD_EN, BitPos(LCD_EN+0) 
;__Lib_Lcd.mpas,135 :: 		
0x00FA	0xDF93      	RCALL       _Delay_5500us
;__Lib_Lcd.mpas,137 :: 		
0x00FC	0x8281      	BSF         LCD_EN, BitPos(LCD_EN+0) 
;__Lib_Lcd.mpas,138 :: 		
0x00FE	0xDF8E      	RCALL       _Delay_1us
;__Lib_Lcd.mpas,139 :: 		
0x0100	0x9281      	BCF         LCD_EN, BitPos(LCD_EN+0) 
;__Lib_Lcd.mpas,140 :: 		
0x0102	0xDF8F      	RCALL       _Delay_5500us
;__Lib_Lcd.mpas,143 :: 		
0x0104	0x9481      	BCF         LCD_D4, BitPos(LCD_D4+0) 
;__Lib_Lcd.mpas,144 :: 		
0x0106	0x8281      	BSF         LCD_EN, BitPos(LCD_EN+0) 
;__Lib_Lcd.mpas,145 :: 		
0x0108	0xDF89      	RCALL       _Delay_1us
;__Lib_Lcd.mpas,146 :: 		
0x010A	0x9281      	BCF         LCD_EN, BitPos(LCD_EN+0) 
;__Lib_Lcd.mpas,147 :: 		
0x010C	0xDF8A      	RCALL       _Delay_5500us
;__Lib_Lcd.mpas,150 :: 		
0x010E	0x8281      	BSF         LCD_EN, BitPos(LCD_EN+0) 
;__Lib_Lcd.mpas,151 :: 		
0x0110	0xDF85      	RCALL       _Delay_1us
;__Lib_Lcd.mpas,152 :: 		
0x0112	0x9281      	BCF         LCD_EN, BitPos(LCD_EN+0) 
;__Lib_Lcd.mpas,154 :: 		
0x0114	0x9681      	BCF         LCD_D5, BitPos(LCD_D5+0) 
;__Lib_Lcd.mpas,155 :: 		
0x0116	0x8A81      	BSF         LCD_D7, BitPos(LCD_D7+0) 
;__Lib_Lcd.mpas,156 :: 		
0x0118	0x8281      	BSF         LCD_EN, BitPos(LCD_EN+0) 
;__Lib_Lcd.mpas,157 :: 		
0x011A	0xDF80      	RCALL       _Delay_1us
;__Lib_Lcd.mpas,158 :: 		
0x011C	0x9281      	BCF         LCD_EN, BitPos(LCD_EN+0) 
;__Lib_Lcd.mpas,159 :: 		
0x011E	0xDF81      	RCALL       _Delay_5500us
;__Lib_Lcd.mpas,162 :: 		
0x0120	0x9A81      	BCF         LCD_D7, BitPos(LCD_D7+0) 
;__Lib_Lcd.mpas,163 :: 		
0x0122	0x8481      	BSF         LCD_D4, BitPos(LCD_D4+0) 
;__Lib_Lcd.mpas,164 :: 		
0x0124	0x8281      	BSF         LCD_EN, BitPos(LCD_EN+0) 
;__Lib_Lcd.mpas,165 :: 		
0x0126	0xDF7A      	RCALL       _Delay_1us
;__Lib_Lcd.mpas,166 :: 		
0x0128	0x9281      	BCF         LCD_EN, BitPos(LCD_EN+0) 
;__Lib_Lcd.mpas,168 :: 		
0x012A	0x9481      	BCF         LCD_D4, BitPos(LCD_D4+0) 
;__Lib_Lcd.mpas,169 :: 		
0x012C	0x8281      	BSF         LCD_EN, BitPos(LCD_EN+0) 
;__Lib_Lcd.mpas,170 :: 		
0x012E	0xDF76      	RCALL       _Delay_1us
;__Lib_Lcd.mpas,171 :: 		
0x0130	0x9281      	BCF         LCD_EN, BitPos(LCD_EN+0) 
;__Lib_Lcd.mpas,172 :: 		
0x0132	0xDF77      	RCALL       _Delay_5500us
;__Lib_Lcd.mpas,175 :: 		
0x0134	0x8281      	BSF         LCD_EN, BitPos(LCD_EN+0) 
;__Lib_Lcd.mpas,176 :: 		
0x0136	0xDF72      	RCALL       _Delay_1us
;__Lib_Lcd.mpas,177 :: 		
0x0138	0x9281      	BCF         LCD_EN, BitPos(LCD_EN+0) 
;__Lib_Lcd.mpas,179 :: 		
0x013A	0x8481      	BSF         LCD_D4, BitPos(LCD_D4+0) 
;__Lib_Lcd.mpas,180 :: 		
0x013C	0x8281      	BSF         LCD_EN, BitPos(LCD_EN+0) 
;__Lib_Lcd.mpas,181 :: 		
0x013E	0xDF6E      	RCALL       _Delay_1us
;__Lib_Lcd.mpas,182 :: 		
0x0140	0x9281      	BCF         LCD_EN, BitPos(LCD_EN+0) 
;__Lib_Lcd.mpas,183 :: 		
0x0142	0xDF6F      	RCALL       _Delay_5500us
;__Lib_Lcd.mpas,186 :: 		
0x0144	0x9481      	BCF         LCD_D4, BitPos(LCD_D4+0) 
;__Lib_Lcd.mpas,187 :: 		
0x0146	0x8281      	BSF         LCD_EN, BitPos(LCD_EN+0) 
;__Lib_Lcd.mpas,188 :: 		
0x0148	0xDF69      	RCALL       _Delay_1us
;__Lib_Lcd.mpas,189 :: 		
0x014A	0x9281      	BCF         LCD_EN, BitPos(LCD_EN+0) 
;__Lib_Lcd.mpas,191 :: 		
0x014C	0x8A81      	BSF         LCD_D7, BitPos(LCD_D7+0) 
;__Lib_Lcd.mpas,192 :: 		
0x014E	0x8881      	BSF         LCD_D6, BitPos(LCD_D6+0) 
;__Lib_Lcd.mpas,193 :: 		
0x0150	0x8681      	BSF         LCD_D5, BitPos(LCD_D5+0) 
;__Lib_Lcd.mpas,194 :: 		
0x0152	0x8481      	BSF         LCD_D4, BitPos(LCD_D4+0) 
;__Lib_Lcd.mpas,195 :: 		
0x0154	0x8281      	BSF         LCD_EN, BitPos(LCD_EN+0) 
;__Lib_Lcd.mpas,196 :: 		
0x0156	0xDF62      	RCALL       _Delay_1us
;__Lib_Lcd.mpas,197 :: 		
0x0158	0x9281      	BCF         LCD_EN, BitPos(LCD_EN+0) 
;__Lib_Lcd.mpas,199 :: 		
0x015A	0xDF63      	RCALL       _Delay_5500us
;__Lib_Lcd.mpas,201 :: 		
0x015C	0x8015      	BSF         __Lib_Lcd_cmd_status, BitPos(__Lib_Lcd_cmd_status+0) 
;__Lib_Lcd.mpas,202 :: 		
L_end_Lcd_Init:
0x015E	0x0012      	RETURN      0
; end of _Lcd_Init
_Lcd_Out:
;__Lib_Lcd.mpas,207 :: 		
;__Lib_Lcd.mpas,210 :: 		
0x0160	0x501A      	MOVF        FARG_Lcd_Out_row, 0 
0x0162	0x0A01      	XORLW       1
0x0164	0xE103      	BNZ         L__Lcd_Out30
0x0166	0x0E80      	MOVLW       128
0x0168	0x6E1A      	MOVWF       FARG_Lcd_Out_row 
0x016A	0xD014      	BRA         L__Lcd_Out27
L__Lcd_Out30:
;__Lib_Lcd.mpas,211 :: 		
0x016C	0x501A      	MOVF        FARG_Lcd_Out_row, 0 
0x016E	0x0A02      	XORLW       2
0x0170	0xE103      	BNZ         L__Lcd_Out33
0x0172	0x0EC0      	MOVLW       192
0x0174	0x6E1A      	MOVWF       FARG_Lcd_Out_row 
0x0176	0xD00E      	BRA         L__Lcd_Out27
L__Lcd_Out33:
;__Lib_Lcd.mpas,212 :: 		
0x0178	0x501A      	MOVF        FARG_Lcd_Out_row, 0 
0x017A	0x0A03      	XORLW       3
0x017C	0xE103      	BNZ         L__Lcd_Out36
0x017E	0x0E94      	MOVLW       148
0x0180	0x6E1A      	MOVWF       FARG_Lcd_Out_row 
0x0182	0xD008      	BRA         L__Lcd_Out27
L__Lcd_Out36:
;__Lib_Lcd.mpas,213 :: 		
0x0184	0x501A      	MOVF        FARG_Lcd_Out_row, 0 
0x0186	0x0A04      	XORLW       4
0x0188	0xE103      	BNZ         L__Lcd_Out39
0x018A	0x0ED4      	MOVLW       212
0x018C	0x6E1A      	MOVWF       FARG_Lcd_Out_row 
;__Lib_Lcd.mpas,214 :: 		
0x018E	0xD002      	BRA         L__Lcd_Out27
L__Lcd_Out39:
;__Lib_Lcd.mpas,215 :: 		
0x0190	0x0E80      	MOVLW       128
0x0192	0x6E1A      	MOVWF       FARG_Lcd_Out_row 
L__Lcd_Out27:
;__Lib_Lcd.mpas,218 :: 		
0x0194	0x041B      	DECF        FARG_Lcd_Out_column, 0 
0x0196	0x6E00      	MOVWF       R0 
0x0198	0x501A      	MOVF        FARG_Lcd_Out_row, 0 
0x019A	0x2600      	ADDWF       R0, 1 
0x019C	0xF01AC000  	MOVFF       R0, FARG_Lcd_Out_row
;__Lib_Lcd.mpas,220 :: 		
0x01A0	0xF020C000  	MOVFF       R0, FARG_Lcd_Cmd_out_char
0x01A4	0xDF4E      	RCALL       _Lcd_Cmd
;__Lib_Lcd.mpas,221 :: 		
0x01A6	0x9015      	BCF         __Lib_Lcd_cmd_status, BitPos(__Lib_Lcd_cmd_status+0) 
;__Lib_Lcd.mpas,222 :: 		
0x01A8	0x6A1E      	CLRF        Lcd_Out_i 
;__Lib_Lcd.mpas,223 :: 		
L__Lcd_Out41:
0x01AA	0x501E      	MOVF        Lcd_Out_i, 0 
0x01AC	0x241C      	ADDWF       FARG_Lcd_Out_text, 0 
0x01AE	0x6EE9      	MOVWF       FSR0L 
0x01B0	0x0E00      	MOVLW       0
0x01B2	0x201D      	ADDWFC      FARG_Lcd_Out_text+1, 0 
0x01B4	0x6EEA      	MOVWF       FSR0H 
0x01B6	0x50EE      	MOVF        POSTINC0, 0 
0x01B8	0x0A00      	XORLW       0
0x01BA	0xE00B      	BZ          L__Lcd_Out42
;__Lib_Lcd.mpas,225 :: 		
0x01BC	0x501E      	MOVF        Lcd_Out_i, 0 
0x01BE	0x241C      	ADDWF       FARG_Lcd_Out_text, 0 
0x01C0	0x6EE9      	MOVWF       FSR0L 
0x01C2	0x0E00      	MOVLW       0
0x01C4	0x201D      	ADDWFC      FARG_Lcd_Out_text+1, 0 
0x01C6	0x6EEA      	MOVWF       FSR0H 
0x01C8	0xF01FCFEE  	MOVFF       POSTINC0, FARG_Lcd_Chr_CP_Out_Char
0x01CC	0xDF78      	RCALL       _Lcd_Chr_CP
;__Lib_Lcd.mpas,226 :: 		
0x01CE	0x2A1E      	INCF        Lcd_Out_i, 1 
;__Lib_Lcd.mpas,227 :: 		
0x01D0	0xD7EC      	BRA         L__Lcd_Out41
L__Lcd_Out42:
;__Lib_Lcd.mpas,228 :: 		
0x01D2	0x8015      	BSF         __Lib_Lcd_cmd_status, BitPos(__Lib_Lcd_cmd_status+0) 
;__Lib_Lcd.mpas,229 :: 		
L_end_Lcd_Out:
0x01D4	0x0012      	RETURN      0
; end of _Lcd_Out
_main:
;LCD.mbas,21 :: 		main:
;LCD.mbas,23 :: 		Lcd_Init()                     ' Initialize Lcd
0x01D6	0xDF79      	RCALL       _Lcd_Init
;LCD.mbas,24 :: 		Lcd_Out(1,1,"Ali")              ' Write text in first row
0x01D8	0x0E01      	MOVLW       1
0x01DA	0x6E1A      	MOVWF       FARG_Lcd_Out_row 
0x01DC	0x0E01      	MOVLW       1
0x01DE	0x6E1B      	MOVWF       FARG_Lcd_Out_column 
0x01E0	0x0E41      	MOVLW       65
0x01E2	0x6E16      	MOVWF       ?LocalText_main 
0x01E4	0x0E6C      	MOVLW       108
0x01E6	0x6E17      	MOVWF       ?LocalText_main+1 
0x01E8	0x0E69      	MOVLW       105
0x01EA	0x6E18      	MOVWF       ?LocalText_main+2 
0x01EC	0x6A19      	CLRF        ?LocalText_main+3 
0x01EE	0x0E16      	MOVLW       ?LocalText_main
0x01F0	0x6E1C      	MOVWF       FARG_Lcd_Out_text 
0x01F2	0x0E00      	MOVLW       hi_addr(?LocalText_main)
0x01F4	0x6E1D      	MOVWF       FARG_Lcd_Out_text+1 
0x01F6	0xDFB4      	RCALL       _Lcd_Out
L_end_main:
0x01F8	0xD7FF      	BRA         $+0
; end of _main
Symbol List:
//** Routines locations **
//ADDRESS    SIZE    PROCEDURE
//----------------------------------------------
0x001C       [6]    _Delay_1us
0x0022      [22]    _Delay_5500us
0x0038      [10]    _Delay_50us
0x0042     [124]    _Lcd_Cmd
0x00BE      [12]    _Lcd_Chr_CP
0x00CA     [150]    _Lcd_Init
0x0160     [118]    _Lcd_Out
0x01D6      [36]    _main
//** Variables locations ** 
//ADDRESS    SIZE    VARIABLE
//----------------------------------------------
0x0000       [1]    PutZerosToLATScl_temp_scl
0x0000       [1]    UART1_Init_tmp
0x0000       [1]    SPI1_Write_tmp
0x0000       [1]    EEPROM_Write_SaveINTCON
0x0000       [1]    R0
0x0000       [1]    FLASH_Erase_64_SaveINTCON
0x0000       [1]    PutZerosToLATSda_temp_sda
0x0001       [2]    strncat2_ptr1
0x0001       [1]    R1
0x0001       [2]    ltrim_ptr1
0x0001       [2]    memcpy_chptr1
0x0001       [2]    strcat_ptr1
0x0001       [2]    memset_chptr
0x0001       [2]    strncpy_ptr1
0x0001       [1]    MM_error_local_result
0x0001       [1]    UART1_Data_Ready_local_result
0x0001       [1]    UART1_Read_local_result
0x0001       [2]    FLASH_Read_N_Bytes_counter
0x0001       [1]    Is_SSD1963_Set_local_result
0x0001       [1]    EEPROM_Read_local_result
0x0001       [1]    JPEG_ToCharRange_local_result
0x0001       [1]    UART1_TX_Idle_local_result
0x0001       [1]    JPEG_ToSignedCharRange_local_result
0x0001       [1]    Is_TFT_Set_local_result
0x0001       [1]    JPEG_FileReadBytes_local_result
0x0001       [1]    SPI1_Read_local_result
0x0001       [1]    JPEG_ToSignedCharRange_local_result
0x0001       [2]    strcpy_ptr1
0x0001       [1]    JPEG_ToCharRange_local_result
0x0001       [1]    Mmc_Fat_EOF_local_result
0x0001       [1]    I2C1_Wr_local_result
0x0001       [1]    Is_TFT_16bit_Set_local_result
0x0001       [1]    Is_TFT_Rotated_180_local_result
0x0001       [1]    FLASH_Erase_Write_64_cnt1
0x0001       [1]    JPEG_FileReadBytes_local_result
0x0001       [1]    FLASH_Write_32_counter
0x0001       [1]    Is_TFT_16bit_Rotated_180_local_result
0x0001       [1]    Clock_Wait_High_local_result
0x0001       [1]    Is_SSD1963_16bit_Set_local_result
0x0001       [1]    I2C1_Rd_local_result
0x0001       [2]    strcat2_ptrl1
0x0001       [1]    closeDir_local_result
0x0001       [1]    FLASH_Read_local_result
0x0001       [1]    Cf_Detect_local_result
0x0002       [1]    JPEG_FileRead_i
0x0002       [2]    strstr_local_result
0x0002       [2]    strchr_local_result
0x0002       [1]    FLASH_Erase_Write_64_cnt2
0x0002       [1]    JPEG_FileRead_i
0x0002       [2]    strncat_ptr1
0x0002       [1]    FLASH_Write_32_SaveINTCON
0x0002       [2]    strlen_local_result
0x0002       [2]    memcmp_local_result
0x0002       [2]    SPI_Ethernet_getIpMask_local_result
0x0002       [1]    isdigit_local_result
0x0002       [2]    SPI_Ethernet_24j600_getIpMask_local_result
0x0002       [2]    SPI_Ethernet_24j600_getDnsIpAddress_local_result
0x0002       [1]    isupper_local_result
0x0002       [1]    Wait_Falling_local_result
0x0002       [2]    SPI_Ethernet_getDnsIpAddress_local_result
0x0002       [2]    memchr_local_result
0x0002       [2]    SPI_Ethernet_getGwIpAddress_local_result
0x0002       [1]    UART1_Read_tmp
0x0002       [2]    SPI_Ethernet_getIpAddress_local_result
0x0002       [2]    abs_local_result
0x0002       [1]    iscntrl_local_result
0x0002       [2]    f16_toInt_local_result
0x0002       [2]    max_local_result
0x0002       [1]    tolower_local_result
0x0002       [1]    I2C1_Is_Idle_local_result
0x0002       [2]    T6963C_WaitReady_ptr
0x0002       [2]    Length_local_result
0x0002       [1]    R2
0x0002       [2]    min_local_result
0x0002       [2]    constToVar_local_result
0x0002       [1]    islower_local_result
0x0002       [2]    SPI_Ethernet_24j600_getIpAddress_local_result
0x0002       [1]    toupper_local_result
0x0002       [1]    Clock_Wait_Low_local_result
0x0002       [2]    SPI_Ethernet_24j600_getGwIpAddress_local_result
0x0002       [1]    ispunct_local_result
0x0003       [1]    Wait_Falling_osample
0x0003       [2]    strncpy_ptr2
0x0003       [2]    strcmp_local_result
0x0003       [2]    strncat2_ptr2
0x0003       [1]    isspace_local_result
0x0003       [1]    R3
0x0003       [2]    strcpy_ptr2
0x0003       [2]    memcpy_chptr2
0x0003       [2]    ltrim_ptr2
0x0003       [2]    strcat2_ptr1
0x0003       [2]    MM_CheckBlocks_local_result
0x0003       [2]    strcat_ptr2
0x0003       [1]    MM_Init_i
0x0003       [1]    FLASH_Erase_Write_64_SaveINTCON
0x0003       [2]    MM_TotalFreeMemSize_local_result
0x0004       [1]    R4
0x0004       [4]    frexp_local_result
0x0004       [4]    Mmc_Fat_Tell_local_result
0x0004       [4]    f16_toLong_local_result
0x0004       [2]    strncmp_local_result
0x0004       [4]    Cf_Fat_Get_File_Size_local_result
0x0004       [2]    Length_ptr
0x0004       [2]    strlen_ptr
0x0004       [2]    memmove_chptr1
0x0004       [4]    Mmc_Fat_Get_File_Size_local_result
0x0004       [2]    strstr_i
0x0004       [4]    Get_Fosc_kHz_local_result
0x0004       [2]    memchr_chptr
0x0004       [2]    strchr_ptr
0x0004       [4]    labs_local_result
0x0004       [2]    strncat_ptr2
0x0004       [1]    Wait_Falling_nsample
0x0004       [2]    memcmp_chptr1
0x0004       [1]    Ps2_Get_Value_local_result
0x0005       [1]    Ps2_Get_Value_rslt
0x0005       [1]    Wait_Falling_i
0x0005       [2]    LongIntToHex_input_half
0x0005       [1]    MM_TotalFreeMemSize_i
0x0005       [1]    R5
0x0005       [2]    LongWordToHex_input_half
0x0005       [2]    strcat2_ptr2
0x0005       [2]    strcmp_ptr1
0x0005       [1]    GetMemAlign_i
0x0006       [1]    R6
0x0006       [2]    memcmp_chptr2
0x0006       [2]    TFT_16bit_RGBToColor16bit_local_result
0x0006       [2]    TFT_RGBToColor16bit_local_result
0x0006       [1]    strncmp_ch1
0x0006       [2]    memmove_chptr2
0x0006       [2]    strstr_j
0x0007       [1]    strncmp_ch2
0x0007       [2]    strcmp_ptr2
0x0007       [1]    R7
0x0008       [1]    JPEG_GenerateHuffmanTables_local_result
0x0008       [1]    R8
0x0008       [1]    JPEG_GenerateHuffmanTables_local_result
0x0008       [2]    strncmp_ptr1
0x0008       [2]    strstr_k
0x0009       [4]    JPEG_UnscaleValue_local_result
0x0009       [1]    JPEG_GenerateHuffmanTables_bLength
0x0009       [1]    R9
0x0009       [1]    JPEG_GenerateHuffmanTables_bLength
0x0009       [4]    JPEG_UnscaleValue_local_result
0x000A       [1]    R10
0x000A       [1]    JPEG_GenerateHuffmanTables_bTable
0x000A       [2]    strncmp_ptr2
0x000A       [1]    JPEG_GenerateHuffmanTables_bTable
0x000A       [1]    strstr_aa
0x000B       [1]    R11
0x000B       [1]    strstr_bb
0x000C       [1]    R12
0x000D       [1]    R13
0x000E       [1]    R14
0x000F       [1]    R15
0x0010       [1]    R16
0x0011       [1]    R17
0x0012       [1]    R18
0x0013       [1]    R19
0x0014       [1]    R20
0x0015       [0]    __Lib_Lcd_cmd_status
0x0016       [4]    ?LocalText_main
0x001A       [1]    FARG_Lcd_Out_row
0x001B       [1]    FARG_Lcd_Out_column
0x001C       [2]    FARG_Lcd_Out_text
0x001E       [1]    Lcd_Out_i
0x001F       [1]    FARG_Lcd_Chr_CP_Out_Char
0x0020       [1]    FARG_Lcd_Cmd_out_char
0x0F81       [0]    LCD_D5
0x0F81       [0]    LCD_EN
0x0F81       [0]    LCD_D4
0x0F81       [0]    LCD_D7
0x0F81       [0]    LCD_D6
0x0F81       [0]    RB3_bit
0x0F81       [0]    RB4_bit
0x0F81       [0]    RB1_bit
0x0F81       [0]    RB2_bit
0x0F81       [0]    RB5_bit
0x0F81       [0]    LCD_RS
0x0F81       [0]    RB0_bit
0x0F93       [0]    TRISB3_bit
0x0F93       [0]    TRISB5_bit
0x0F93       [0]    TRISB4_bit
0x0F93       [0]    LCD_RS_Direction
0x0F93       [0]    LCD_D5_Direction
0x0F93       [0]    LCD_EN_Direction
0x0F93       [0]    LCD_D7_Direction
0x0F93       [0]    TRISB1_bit
0x0F93       [0]    TRISB2_bit
0x0F93       [0]    TRISB0_bit
0x0F93       [0]    LCD_D4_Direction
0x0F93       [0]    LCD_D6_Direction
